<?xml version="1.0" encoding="utf-8"?><testsuites name="pytest tests"><testsuite name="pytest" errors="0" failures="2" skipped="0" tests="69" time="131.740" timestamp="2026-08-31T19:06:20.701505+00:00" hostname="agent-env-a0d29c1c-dc45-44b8-8dbf-aa6094a4aa09"><testcase classname="tests.backend_test.TestSanity" name="test_wallet_reachable" time="0.196" /><testcase classname="tests.backend_test.TestSanity" name="test_unauthenticated_rejected" time="0.075" /><testcase classname="tests.backend_test.TestSendIdempotency" name="test_replay_same_key_same_body_debits_once" time="0.507" /><testcase classname="tests.backend_test.TestSendIdempotency" name="test_same_key_different_body_conflict" time="0.362" /><testcase classname="tests.backend_test.TestSendIdempotency" name="test_key_scoped_per_user" time="0.185" /><testcase classname="tests.backend_test.TestSendIdempotency" name="test_failed_request_key_is_not_poisoned" time="0.172" /><testcase classname="tests.backend_test.TestSendIdempotency" name="test_failed_key_retry_with_corrected_amount_succeeds" time="0.504" /><testcase classname="tests.backend_test.TestWithdrawalIdempotency" name="test_replay_does_not_create_second_withdrawal" time="0.514" /><testcase classname="tests.backend_test.TestWithdrawalIdempotency" name="test_withdrawal_conflict_different_body" time="0.236" /><testcase classname="tests.backend_test.TestWithdrawalIdempotency" name="test_withdrawal_failed_key_retry_succeeds" time="0.167"><failure message="AssertionError: {&quot;detail&quot;:&quot;Solde insuffisant (montant + frais)&quot;}&#10;assert 'Solde insuff...tant + frais)' == 'Solde insuffisant'&#10;  &#10;  - Solde insuffisant&#10;  + Solde insuffisant (montant + frais)">backend_test.py:180: in test_withdrawal_failed_key_retry_succeeds
    assert r1.json().get("detail") == "Solde insuffisant", r1.text[:300]
E   AssertionError: {"detail":"Solde insuffisant (montant + frais)"}
E   assert 'Solde insuff...tant + frais)' == 'Solde insuffisant'
E     
E     - Solde insuffisant
E     + Solde insuffisant (montant + frais)</failure></testcase><testcase classname="tests.backend_test.TestSendWithoutKey" name="test_send_without_key_debits_and_caches_match" time="0.426" /><testcase classname="tests.backend_test.TestSendWithoutKey" name="test_coffre_move_routes_through_ledger" time="0.379" /><testcase classname="tests.backend_test.TestAdminIntegrity" name="test_backfill_then_no_cache_mismatches" time="0.265" /><testcase classname="tests.backend_test.TestAdminIntegrity" name="test_backfill_is_idempotent" time="0.084" /><testcase classname="tests.backend_test.TestAdminIntegrity" name="test_integrity_balanced" time="0.091" /><testcase classname="tests.backend_test.TestAdminIntegrity" name="test_financial_health" time="0.091" /><testcase classname="tests.backend_test.TestAdminIntegrity" name="test_supply_discrepancy_unchanged_by_ledger_ops" time="0.512" /><testcase classname="tests.backend_test.TestAdminIntegrity" name="test_non_admin_forbidden" time="0.246" /><testcase classname="tests.backend_test.TestAdminIntegrity" name="test_unauthenticated_admin_endpoints" time="0.253" /><testcase classname="tests.test_p01b_idem_killswitch.TestMarketplaceIdempotency" name="test_same_key_debits_once" time="0.424" /><testcase classname="tests.test_p01b_idem_killswitch.TestMarketplaceIdempotency" name="test_same_key_different_body_conflict" time="0.343" /><testcase classname="tests.test_p01b_idem_killswitch.TestMarketplaceIdempotency" name="test_no_key_allows_two_debits" time="0.326" /><testcase classname="tests.test_p01b_idem_killswitch.TestCoffreMoveIdempotency" name="test_move_applied_once" time="0.721" /><testcase classname="tests.test_p01b_idem_killswitch.TestCoffreMoveIdempotency" name="test_move_conflict_on_different_amount" time="0.344" /><testcase classname="tests.test_p01b_idem_killswitch.TestKillSwitch" name="test_invalid_name_400" time="0.088" /><testcase classname="tests.test_p01b_idem_killswitch.TestKillSwitch" name="test_non_admin_forbidden" time="0.209" /><testcase classname="tests.test_p01b_idem_killswitch.TestKillSwitch" name="test_unauthenticated_rejected" time="0.077" /><testcase classname="tests.test_p01b_idem_killswitch.TestKillSwitch" name="test_suspend_then_resume" time="0.722" /><testcase classname="tests.test_p01b_idem_killswitch.TestKillSwitch" name="test_execute_suspended_then_resumed" time="0.932" /><testcase classname="tests.test_p01b_idem_killswitch.TestKillSwitch" name="test_card_killswitch_blocks_intent_creation" time="0.350" /><testcase classname="tests.test_p01b_idem_killswitch.TestKillSwitch" name="test_card_killswitch_should_also_block_execute" time="0.586" /><testcase classname="tests.test_p01b_idem_killswitch.TestKillSwitch" name="test_settings_exposes_kill_switch_state" time="0.270" /><testcase classname="tests.test_p01b_idem_killswitch.TestLedgerRegression" name="test_financial_health" time="0.087" /><testcase classname="tests.test_p01b_idem_killswitch.TestLedgerRegression" name="test_ledger_integrity" time="0.090" /><testcase classname="tests.test_p01b_idem_killswitch.TestLedgerRegression" name="test_backfill_still_works" time="0.175" /><testcase classname="tests.test_p01b2_holds.TestAvailableBalance" name="test_wallet_exposes_available" time="0.233" /><testcase classname="tests.test_p01b2_holds.TestAvailableBalance" name="test_create_hold_reserves_atomically" time="0.324" /><testcase classname="tests.test_p01b2_holds.TestAvailableBalance" name="test_hold_over_available_rejected" time="0.546" /><testcase classname="tests.test_p01b2_holds.TestAvailableBalance" name="test_invalid_amount_rejected" time="0.149" /><testcase classname="tests.test_p01b2_holds.TestConcurrencyDoubleSpend" name="test_10_concurrent_holds_of_20_on_balance_100" time="0.922" /><testcase classname="tests.test_p01b2_holds.TestConcurrencyDoubleSpend" name="test_2_concurrent_holds_of_80_exactly_one_wins" time="0.307" /><testcase classname="tests.test_p01b2_holds.TestConcurrencyDoubleSpend" name="test_concurrent_release_no_double_credit" time="0.798" /><testcase classname="tests.test_p01b2_holds.TestConcurrencyDoubleSpend" name="test_concurrent_capture_never_exceeds_hold" time="0.775" /><testcase classname="tests.test_p01b2_holds.TestIdempotency" name="test_same_key_concurrent_single_reservation" time="0.803" /><testcase classname="tests.test_p01b2_holds.TestIdempotency" name="test_same_key_different_payload_conflict" time="0.529" /><testcase classname="tests.test_p01b2_holds.TestIdempotency" name="test_failed_request_does_not_poison_key" time="0.285" /><testcase classname="tests.test_p01b2_holds.TestCaptureStateMachine" name="test_partial_then_full_capture" time="1.400" /><testcase classname="tests.test_p01b2_holds.TestCaptureStateMachine" name="test_release_then_capture_and_double_release" time="1.323" /><testcase classname="tests.test_p01b2_holds.TestCaptureStateMachine" name="test_unknown_hold_404" time="0.346" /><testcase classname="tests.test_p01b2_holds.TestCaptureStateMachine" name="test_cross_user_hold_isolation" time="0.489" /><testcase classname="tests.test_p01b2_holds.TestLazyExpiry" name="test_ttl_expiry_without_worker" time="3.382" /><testcase classname="tests.test_p01b2_holds.TestLazyExpiry" name="test_expired_funds_immediately_reusable" time="2.418" /><testcase classname="tests.test_p01b2_holds.TestIntegrity" name="test_holds_integrity_healthy" time="0.560" /><testcase classname="tests.test_p01b2_holds.TestIntegrity" name="test_financial_health" time="0.150" /><testcase classname="tests.test_p01b2_holds.TestIntegrity" name="test_rebuild_repairs_drifted_cache" time="0.766" /><testcase classname="tests.test_p01b2_holds.TestIntegrity" name="test_admin_endpoints_require_admin" time="0.295" /><testcase classname="tests.test_p01b2_holds.TestSystemStatus" name="test_requires_auth" time="0.178" /><testcase classname="tests.test_p01b2_holds.TestSystemStatus" name="test_capabilities_honest" time="0.125"><failure message="AssertionError: refund_engine = REAL, expected PLANNED&#10;assert 'REAL' == 'PLANNED'&#10;  &#10;  - PLANNED&#10;  + REAL">test_p01b2_holds.py:422: in test_capabilities_honest
    assert caps.get(k) == v, f"{k} = {caps.get(k)}, expected {v}"
E   AssertionError: refund_engine = REAL, expected PLANNED
E   assert 'REAL' == 'PLANNED'
E     
E     - PLANNED
E     + REAL</failure></testcase><testcase classname="tests.test_p01b2_holds_race.TestExpiryCaptureRace" name="test_capture_at_expiry_boundary[0]" time="3.325" /><testcase classname="tests.test_p01b2_holds_race.TestExpiryCaptureRace" name="test_capture_at_expiry_boundary[1]" time="3.411" /><testcase classname="tests.test_p01b2_holds_race.TestExpiryCaptureRace" name="test_capture_at_expiry_boundary[2]" time="3.327" /><testcase classname="tests.test_p01b2_holds_race.TestExpiryCaptureRace" name="test_capture_at_expiry_boundary[3]" time="3.304" /><testcase classname="tests.test_p01b2_holds_race.TestExpiryCaptureRace" name="test_capture_at_expiry_boundary[4]" time="63.404" /><testcase classname="tests.test_p01b2_holds_race.TestExpiryCaptureRace" name="test_capture_at_expiry_boundary[5]" time="3.403" /><testcase classname="tests.test_p01b2_holds_race.TestChaosLoad" name="test_mixed_concurrent_operations_preserve_invariants" time="4.260" /><testcase classname="tests.test_p01b2_holds_race.TestLazyExpiryIntegrityFalsePositive" name="test_untouched_expired_hold_flags_global_health" time="2.971" /><testcase classname="tests.test_p01b2_holds_burst" name="test_capture_vs_expiry_burst" time="15.284" /><testcase classname="tests.test_backfill_drift" name="test_backfill_creates_migration_entry_for_drifted_account" time="0.380" /><testcase classname="tests.test_backfill_drift" name="test_backfill_cannot_fix_a_second_drift_on_same_account" time="0.473" /></testsuite></testsuites>