<?xml version="1.0" encoding="utf-8"?><testsuites name="pytest tests"><testsuite name="pytest" errors="0" failures="0" skipped="2" tests="29" time="10.065" timestamp="2026-08-31T19:04:06.352223+00:00" hostname="agent-env-a0d29c1c-dc45-44b8-8dbf-aa6094a4aa09"><testcase classname="tests.test_p01b3_fees_refunds_reversals.TestFeePolicy" name="test_get_policy_admin" time="0.349" /><testcase classname="tests.test_p01b3_fees_refunds_reversals.TestFeePolicy" name="test_non_admin_forbidden" time="0.149" /><testcase classname="tests.test_p01b3_fees_refunds_reversals.TestFeePolicy" name="test_invalid_policy_rejected" time="0.073" /><testcase classname="tests.test_p01b3_fees_refunds_reversals.TestFeeQuote" name="test_quote_pct" time="0.071" /><testcase classname="tests.test_p01b3_fees_refunds_reversals.TestFeeQuote" name="test_quote_unknown_op_is_zero" time="0.070" /><testcase classname="tests.test_p01b3_fees_refunds_reversals.TestFeeQuote" name="test_quote_never_negative" time="0.241" /><testcase classname="tests.test_p01b3_fees_refunds_reversals.TestFeeQuote" name="test_quote_does_not_charge" time="0.236" /><testcase classname="tests.test_p01b3_fees_refunds_reversals.TestWithdrawalFee" name="test_withdrawal_charges_fee_via_ledger" time="0.378" /><testcase classname="tests.test_p01b3_fees_refunds_reversals.TestWithdrawalFee" name="test_withdrawal_insufficient_with_fee" time="0.144" /><testcase classname="tests.test_p01b3_fees_refunds_reversals.TestWithdrawalFee" name="test_rejected_withdrawal_does_not_refund_fee" time="0.293"><skipped type="pytest.xfail" message="fee not refunded on rejected withdrawal: balance=298.0 (expected 300)" /></testcase><testcase classname="tests.test_p01b3_fees_refunds_reversals.TestRefund" name="test_partial_then_over_then_full" time="0.799" /><testcase classname="tests.test_p01b3_fees_refunds_reversals.TestRefund" name="test_refund_not_found" time="0.071" /><testcase classname="tests.test_p01b3_fees_refunds_reversals.TestRefund" name="test_refund_inflow_rejected" time="0.233" /><testcase classname="tests.test_p01b3_fees_refunds_reversals.TestRefund" name="test_refund_of_a_refund_tx_reports_404" time="0.070"><skipped type="pytest.xfail" message="misleading 404 for existing (non-refundable) tx — reported to dev agent" /></testcase><testcase classname="tests.test_p01b3_fees_refunds_reversals.TestRefund" name="test_refund_requires_admin" time="0.207" /><testcase classname="tests.test_p01b3_fees_refunds_reversals.TestRefund" name="test_refund_default_amount_is_full_principal" time="0.356" /><testcase classname="tests.test_p01b3_fees_refunds_reversals.TestRefund" name="test_refund_zero_or_negative_rejected" time="0.305" /><testcase classname="tests.test_p01b3_fees_refunds_reversals.TestReversal" name="test_reversal_restores_balance_and_double_reverse_409" time="0.741" /><testcase classname="tests.test_p01b3_fees_refunds_reversals.TestReversal" name="test_reverse_after_refund_409" time="0.551" /><testcase classname="tests.test_p01b3_fees_refunds_reversals.TestReversal" name="test_reversal_not_found_and_requires_admin" time="0.283" /><testcase classname="tests.test_p01b3_fees_refunds_reversals.TestIdempotency" name="test_refund_idem_replay_no_double_credit" time="0.509" /><testcase classname="tests.test_p01b3_fees_refunds_reversals.TestIdempotency" name="test_reversal_idem_replay_no_double_credit" time="0.543" /><testcase classname="tests.test_p01b3_fees_refunds_reversals.TestConcurrency" name="test_concurrent_partial_refunds_never_over_refund" time="1.208" /><testcase classname="tests.test_p01b3_fees_refunds_reversals.TestConcurrency" name="test_concurrent_reversals_exactly_one_winner" time="0.946" /><testcase classname="tests.test_p01b3_fees_refunds_reversals.TestConcurrency" name="test_concurrent_refund_and_reversal_mutually_exclusive" time="0.543" /><testcase classname="tests.test_p01b3_fees_refunds_reversals.TestIntegrityAndStatus" name="test_financial_health" time="0.081" /><testcase classname="tests.test_p01b3_fees_refunds_reversals.TestIntegrityAndStatus" name="test_ledger_integrity_no_cache_mismatch" time="0.078" /><testcase classname="tests.test_p01b3_fees_refunds_reversals.TestIntegrityAndStatus" name="test_capabilities_honest" time="0.070" /><testcase classname="tests.test_p01b3_fees_refunds_reversals.TestIntegrityAndStatus" name="test_refunds_reversals_lists_admin_only" time="0.358" /></testsuite></testsuites>