<?xml version="1.0" encoding="utf-8"?><testsuites name="pytest tests"><testsuite name="pytest" errors="0" failures="0" skipped="1" tests="41" time="12.583" timestamp="2026-08-31T19:18:49.257439+00:00" hostname="agent-env-a0d29c1c-dc45-44b8-8dbf-aa6094a4aa09"><testcase classname="tests.test_p01b3_fees_refunds_reversals.TestFeePolicy" name="test_get_policy_admin" time="0.256" /><testcase classname="tests.test_p01b3_fees_refunds_reversals.TestFeePolicy" name="test_non_admin_forbidden" time="0.144" /><testcase classname="tests.test_p01b3_fees_refunds_reversals.TestFeePolicy" name="test_invalid_policy_rejected" time="0.075" /><testcase classname="tests.test_p01b3_fees_refunds_reversals.TestFeePolicy" name="test_unknown_operation_rejected" time="0.143" /><testcase classname="tests.test_p01b3_fees_refunds_reversals.TestFeePolicy" name="test_out_of_range_values_rejected[cfg0]" time="0.141" /><testcase classname="tests.test_p01b3_fees_refunds_reversals.TestFeePolicy" name="test_out_of_range_values_rejected[cfg1]" time="0.153" /><testcase classname="tests.test_p01b3_fees_refunds_reversals.TestFeePolicy" name="test_out_of_range_values_rejected[cfg2]" time="0.156" /><testcase classname="tests.test_p01b3_fees_refunds_reversals.TestFeePolicy" name="test_all_valid_operations_accepted[withdrawal]" time="0.149" /><testcase classname="tests.test_p01b3_fees_refunds_reversals.TestFeePolicy" name="test_all_valid_operations_accepted[capture]" time="0.151" /><testcase classname="tests.test_p01b3_fees_refunds_reversals.TestFeePolicy" name="test_all_valid_operations_accepted[marketplace]" time="0.150" /><testcase classname="tests.test_p01b3_fees_refunds_reversals.TestFeePolicy" name="test_all_valid_operations_accepted[conversion]" time="0.141" /><testcase classname="tests.test_p01b3_fees_refunds_reversals.TestFeePolicy" name="test_all_valid_operations_accepted[transfer]" time="0.150" /><testcase classname="tests.test_p01b3_fees_refunds_reversals.TestFeePolicy" name="test_all_valid_operations_accepted[deposit]" time="0.158" /><testcase classname="tests.test_p01b3_fees_refunds_reversals.TestFeeQuote" name="test_quote_pct" time="0.091" /><testcase classname="tests.test_p01b3_fees_refunds_reversals.TestFeeQuote" name="test_quote_unknown_op_is_zero" time="0.277" /><testcase classname="tests.test_p01b3_fees_refunds_reversals.TestFeeQuote" name="test_quote_never_negative" time="0.145" /><testcase classname="tests.test_p01b3_fees_refunds_reversals.TestFeeQuote" name="test_quote_does_not_charge" time="0.229" /><testcase classname="tests.test_p01b3_fees_refunds_reversals.TestWithdrawalFee" name="test_withdrawal_charges_fee_via_ledger" time="0.396" /><testcase classname="tests.test_p01b3_fees_refunds_reversals.TestWithdrawalFee" name="test_withdrawal_insufficient_with_fee" time="0.162" /><testcase classname="tests.test_p01b3_fees_refunds_reversals.TestWithdrawalFee" name="test_rejected_withdrawal_refunds_principal_and_fee" time="0.462" /><testcase classname="tests.test_p01b3_fees_refunds_reversals.TestWithdrawalFee" name="test_rejected_small_withdrawal_fee_1_restores_100" time="0.310" /><testcase classname="tests.test_p01b3_fees_refunds_reversals.TestRefund" name="test_partial_then_over_then_full" time="0.845" /><testcase classname="tests.test_p01b3_fees_refunds_reversals.TestRefund" name="test_refund_not_found" time="0.079" /><testcase classname="tests.test_p01b3_fees_refunds_reversals.TestRefund" name="test_refund_inflow_rejected" time="0.233" /><testcase classname="tests.test_p01b3_fees_refunds_reversals.TestRefund" name="test_refund_of_a_refund_tx_returns_400" time="0.074" /><testcase classname="tests.test_p01b3_fees_refunds_reversals.TestRefund" name="test_refund_of_reversal_tx_returns_400" time="0.001"><skipped type="pytest.skip" message="no Extourne inflow tx yet for this payer">/app/backend/tests/test_p01b3_fees_refunds_reversals.py:299: no Extourne inflow tx yet for this payer</skipped></testcase><testcase classname="tests.test_p01b3_fees_refunds_reversals.TestRefund" name="test_refund_requires_admin" time="0.223" /><testcase classname="tests.test_p01b3_fees_refunds_reversals.TestRefund" name="test_refund_default_amount_is_full_principal" time="0.401" /><testcase classname="tests.test_p01b3_fees_refunds_reversals.TestRefund" name="test_refund_zero_or_negative_rejected" time="0.327" /><testcase classname="tests.test_p01b3_fees_refunds_reversals.TestReversal" name="test_reversal_restores_balance_and_double_reverse_409" time="0.815" /><testcase classname="tests.test_p01b3_fees_refunds_reversals.TestReversal" name="test_reverse_after_refund_409" time="0.555" /><testcase classname="tests.test_p01b3_fees_refunds_reversals.TestReversal" name="test_reversal_not_found_and_requires_admin" time="0.313" /><testcase classname="tests.test_p01b3_fees_refunds_reversals.TestIdempotency" name="test_refund_idem_replay_no_double_credit" time="0.548" /><testcase classname="tests.test_p01b3_fees_refunds_reversals.TestIdempotency" name="test_reversal_idem_replay_no_double_credit" time="0.562" /><testcase classname="tests.test_p01b3_fees_refunds_reversals.TestConcurrency" name="test_concurrent_partial_refunds_never_over_refund" time="1.391" /><testcase classname="tests.test_p01b3_fees_refunds_reversals.TestConcurrency" name="test_concurrent_reversals_exactly_one_winner" time="0.901" /><testcase classname="tests.test_p01b3_fees_refunds_reversals.TestConcurrency" name="test_concurrent_refund_and_reversal_mutually_exclusive" time="0.562" /><testcase classname="tests.test_p01b3_fees_refunds_reversals.TestIntegrityAndStatus" name="test_financial_health" time="0.088" /><testcase classname="tests.test_p01b3_fees_refunds_reversals.TestIntegrityAndStatus" name="test_ledger_integrity_no_cache_mismatch" time="0.085" /><testcase classname="tests.test_p01b3_fees_refunds_reversals.TestIntegrityAndStatus" name="test_capabilities_honest" time="0.070" /><testcase classname="tests.test_p01b3_fees_refunds_reversals.TestIntegrityAndStatus" name="test_refunds_reversals_lists_admin_only" time="0.380" /></testsuite></testsuites>