<?xml version="1.0" encoding="utf-8"?><testsuites name="pytest tests"><testsuite name="pytest" errors="0" failures="0" skipped="0" tests="56" time="103.664" timestamp="2026-08-31T19:25:38.881074+00:00" hostname="agent-env-a0d29c1c-dc45-44b8-8dbf-aa6094a4aa09"><testcase classname="tests.test_p01b3_fees_refunds_reversals.TestFeePolicy" name="test_get_policy_admin" time="0.297" /><testcase classname="tests.test_p01b3_fees_refunds_reversals.TestFeePolicy" name="test_non_admin_forbidden" time="1.020" /><testcase classname="tests.test_p01b3_fees_refunds_reversals.TestFeePolicy" name="test_invalid_policy_rejected" time="0.116" /><testcase classname="tests.test_p01b3_fees_refunds_reversals.TestFeePolicy" name="test_unknown_operation_rejected" time="2.352" /><testcase classname="tests.test_p01b3_fees_refunds_reversals.TestFeePolicy" name="test_out_of_range_values_rejected[cfg0]" time="0.173" /><testcase classname="tests.test_p01b3_fees_refunds_reversals.TestFeePolicy" name="test_out_of_range_values_rejected[cfg1]" time="0.136" /><testcase classname="tests.test_p01b3_fees_refunds_reversals.TestFeePolicy" name="test_out_of_range_values_rejected[cfg2]" time="0.184" /><testcase classname="tests.test_p01b3_fees_refunds_reversals.TestFeePolicy" name="test_all_valid_operations_accepted[withdrawal]" time="0.164" /><testcase classname="tests.test_p01b3_fees_refunds_reversals.TestFeePolicy" name="test_all_valid_operations_accepted[capture]" time="0.260" /><testcase classname="tests.test_p01b3_fees_refunds_reversals.TestFeePolicy" name="test_all_valid_operations_accepted[marketplace]" time="0.128" /><testcase classname="tests.test_p01b3_fees_refunds_reversals.TestFeePolicy" name="test_all_valid_operations_accepted[conversion]" time="0.174" /><testcase classname="tests.test_p01b3_fees_refunds_reversals.TestFeePolicy" name="test_all_valid_operations_accepted[transfer]" time="0.132" /><testcase classname="tests.test_p01b3_fees_refunds_reversals.TestFeePolicy" name="test_all_valid_operations_accepted[deposit]" time="0.171" /><testcase classname="tests.test_p01b3_fees_refunds_reversals.TestFeeQuote" name="test_quote_pct" time="0.075" /><testcase classname="tests.test_p01b3_fees_refunds_reversals.TestFeeQuote" name="test_quote_unknown_op_is_zero" time="0.059" /><testcase classname="tests.test_p01b3_fees_refunds_reversals.TestFeeQuote" name="test_quote_never_negative" time="0.165" /><testcase classname="tests.test_p01b3_fees_refunds_reversals.TestFeeQuote" name="test_quote_does_not_charge" time="0.268" /><testcase classname="tests.test_p01b3_fees_refunds_reversals.TestWithdrawalFee" name="test_withdrawal_charges_fee_via_ledger" time="0.415" /><testcase classname="tests.test_p01b3_fees_refunds_reversals.TestWithdrawalFee" name="test_withdrawal_insufficient_with_fee" time="0.139" /><testcase classname="tests.test_p01b3_fees_refunds_reversals.TestWithdrawalFee" name="test_rejected_withdrawal_refunds_principal_and_fee" time="0.518" /><testcase classname="tests.test_p01b3_fees_refunds_reversals.TestWithdrawalFee" name="test_rejected_small_withdrawal_fee_1_restores_100" time="0.355" /><testcase classname="tests.test_p01b3_fees_refunds_reversals.TestRefund" name="test_partial_then_over_then_full" time="0.917" /><testcase classname="tests.test_p01b3_fees_refunds_reversals.TestRefund" name="test_refund_not_found" time="0.080" /><testcase classname="tests.test_p01b3_fees_refunds_reversals.TestRefund" name="test_refund_inflow_rejected" time="0.233" /><testcase classname="tests.test_p01b3_fees_refunds_reversals.TestRefund" name="test_refund_of_a_refund_tx_returns_400" time="0.082" /><testcase classname="tests.test_p01b3_fees_refunds_reversals.TestRefund" name="test_refund_of_reversal_tx_returns_400" time="0.318" /><testcase classname="tests.test_p01b3_fees_refunds_reversals.TestRefund" name="test_refund_requires_admin" time="0.214" /><testcase classname="tests.test_p01b3_fees_refunds_reversals.TestRefund" name="test_refund_default_amount_is_full_principal" time="0.390" /><testcase classname="tests.test_p01b3_fees_refunds_reversals.TestRefund" name="test_refund_zero_or_negative_rejected" time="0.320" /><testcase classname="tests.test_p01b3_fees_refunds_reversals.TestReversal" name="test_reversal_restores_balance_and_double_reverse_409" time="0.779" /><testcase classname="tests.test_p01b3_fees_refunds_reversals.TestReversal" name="test_reverse_after_refund_409" time="0.553" /><testcase classname="tests.test_p01b3_fees_refunds_reversals.TestReversal" name="test_reversal_not_found_and_requires_admin" time="0.291" /><testcase classname="tests.test_p01b3_fees_refunds_reversals.TestIdempotency" name="test_refund_idem_replay_no_double_credit" time="0.545" /><testcase classname="tests.test_p01b3_fees_refunds_reversals.TestIdempotency" name="test_reversal_idem_replay_no_double_credit" time="0.560" /><testcase classname="tests.test_p01b3_fees_refunds_reversals.TestConcurrency" name="test_concurrent_partial_refunds_never_over_refund" time="1.126" /><testcase classname="tests.test_p01b3_fees_refunds_reversals.TestConcurrency" name="test_concurrent_reversals_exactly_one_winner" time="1.038" /><testcase classname="tests.test_p01b3_fees_refunds_reversals.TestConcurrency" name="test_concurrent_refund_and_reversal_mutually_exclusive" time="0.603" /><testcase classname="tests.test_p01b3_fees_refunds_reversals.TestIntegrityAndStatus" name="test_financial_health" time="0.081" /><testcase classname="tests.test_p01b3_fees_refunds_reversals.TestIntegrityAndStatus" name="test_ledger_integrity_no_cache_mismatch" time="0.065" /><testcase classname="tests.test_p01b3_fees_refunds_reversals.TestIntegrityAndStatus" name="test_capabilities_honest" time="0.091" /><testcase classname="tests.test_p01b3_fees_refunds_reversals.TestIntegrityAndStatus" name="test_refunds_reversals_lists_admin_only" time="0.396" /><testcase classname="tests.test_p01b3_withdrawal_guards" name="test_withdrawal_respects_active_hold" time="0.709" /><testcase classname="tests.test_p01b3_withdrawal_guards" name="test_withdrawal_partial_hold_limits_amount" time="0.564" /><testcase classname="tests.test_p01b3_withdrawal_guards" name="test_concurrent_withdrawals_atomic_guard[1]" time="0.907" /><testcase classname="tests.test_p01b3_withdrawal_guards" name="test_concurrent_withdrawals_atomic_guard[2]" time="0.954" /><testcase classname="tests.test_p01b3_withdrawal_guards" name="test_concurrent_withdrawals_atomic_guard[3]" time="0.954" /><testcase classname="tests.test_p01b3_withdrawal_guards" name="test_concurrent_withdrawals_with_hold" time="0.740" /><testcase classname="tests.test_p01b3_withdrawal_guards" name="test_ledger_balanced_after_withdrawal_races" time="0.177" /><testcase classname="tests.test_p01b3_stress_concurrency" name="test_stress_concurrent_partial_refunds[1]" time="2.126" /><testcase classname="tests.test_p01b3_stress_concurrency" name="test_stress_concurrent_partial_refunds[2]" time="2.020" /><testcase classname="tests.test_p01b3_stress_concurrency" name="test_stress_concurrent_partial_refunds[3]" time="2.046" /><testcase classname="tests.test_p01b3_stress_concurrency" name="test_stress_concurrent_reversals_single_winner[1]" time="68.978" /><testcase classname="tests.test_p01b3_stress_concurrency" name="test_stress_concurrent_reversals_single_winner[2]" time="1.559" /><testcase classname="tests.test_p01b3_stress_concurrency" name="test_stress_concurrent_reversals_single_winner[3]" time="3.760" /><testcase classname="tests.test_p01b3_stress_concurrency" name="test_stress_mixed_refunds_and_reversals" time="1.748" /><testcase classname="tests.backend_test.TestWithdrawalIdempotency" name="test_withdrawal_failed_key_retry_succeeds" time="0.359" /></testsuite></testsuites>