<?xml version="1.0" encoding="utf-8"?><testsuites name="pytest tests"><testsuite name="pytest" errors="0" failures="0" skipped="0" tests="5" time="3.565" timestamp="2026-08-31T19:29:16.474790+00:00" hostname="agent-env-a0d29c1c-dc45-44b8-8dbf-aa6094a4aa09"><testcase classname="tests.test_p01b3_fix4_compensation" name="test_refunded_cc_matches_refund_records" time="1.015" /><testcase classname="tests.test_p01b3_fix4_compensation" name="test_reversed_flag_matches_reversal_record" time="0.538" /><testcase classname="tests.test_p01b3_fix4_compensation" name="test_no_guard_drift_after_concurrent_mixed_traffic" time="1.909" /><testcase classname="tests.test_p01b3_fix4_compensation" name="test_global_refund_counter_invariant" time="0.001" /><testcase classname="tests.test_p01b3_fix4_compensation" name="test_health_balanced" time="0.075" /></testsuite></testsuites>