<?xml version="1.0" encoding="utf-8"?><testsuites name="pytest tests"><testsuite name="pytest" errors="0" failures="1" skipped="0" tests="124" time="356.677" timestamp="2026-08-31T19:19:22.657399+00:00" hostname="agent-env-a0d29c1c-dc45-44b8-8dbf-aa6094a4aa09"><testcase classname="tests.backend_test.TestSanity" name="test_wallet_reachable" time="0.215" /><testcase classname="tests.backend_test.TestSanity" name="test_unauthenticated_rejected" time="0.097" /><testcase classname="tests.backend_test.TestSendIdempotency" name="test_replay_same_key_same_body_debits_once" time="0.511" /><testcase classname="tests.backend_test.TestSendIdempotency" name="test_same_key_different_body_conflict" time="0.309" /><testcase classname="tests.backend_test.TestSendIdempotency" name="test_key_scoped_per_user" time="0.152" /><testcase classname="tests.backend_test.TestSendIdempotency" name="test_failed_request_key_is_not_poisoned" time="0.158" /><testcase classname="tests.backend_test.TestSendIdempotency" name="test_failed_key_retry_with_corrected_amount_succeeds" time="0.483" /><testcase classname="tests.backend_test.TestWithdrawalIdempotency" name="test_replay_does_not_create_second_withdrawal" time="0.460" /><testcase classname="tests.backend_test.TestWithdrawalIdempotency" name="test_withdrawal_conflict_different_body" time="0.140" /><testcase classname="tests.backend_test.TestWithdrawalIdempotency" name="test_withdrawal_failed_key_retry_succeeds" time="0.163"><failure message="AssertionError: {&quot;detail&quot;:&quot;Solde disponible insuffisant (montant + frais)&quot;}&#10;assert False&#10; +  where False = &lt;built-in method startswith of str object at 0xfe824de487b0&gt;('Solde insuffisant')&#10; +    where &lt;built-in method startswith of str object at 0xfe824de487b0&gt; = 'Solde disponible insuffisant (montant + frais)'.startswith&#10; +      where 'Solde disponible insuffisant (montant + frais)' = str('Solde disponible insuffisant (montant + frais)')&#10; +        where 'Solde disponible insuffisant (montant + frais)' = &lt;built-in method get of dict object at 0xfe824de86580&gt;('detail', '')&#10; +          where &lt;built-in method get of dict object at 0xfe824de86580&gt; = {'detail': 'Solde disponible insuffisant (montant + frais)'}.get&#10; +            where {'detail': 'Solde disponible insuffisant (montant + frais)'} = json()&#10; +              where json = &lt;Response [400]&gt;.json">tests/backend_test.py:181: in test_withdrawal_failed_key_retry_succeeds
    assert str(r1.json().get("detail", "")).startswith("Solde insuffisant"), r1.text[:300]
E   AssertionError: {"detail":"Solde disponible insuffisant (montant + frais)"}
E   assert False
E    +  where False = &lt;built-in method startswith of str object at 0xfe824de487b0&gt;('Solde insuffisant')
E    +    where &lt;built-in method startswith of str object at 0xfe824de487b0&gt; = 'Solde disponible insuffisant (montant + frais)'.startswith
E    +      where 'Solde disponible insuffisant (montant + frais)' = str('Solde disponible insuffisant (montant + frais)')
E    +        where 'Solde disponible insuffisant (montant + frais)' = &lt;built-in method get of dict object at 0xfe824de86580&gt;('detail', '')
E    +          where &lt;built-in method get of dict object at 0xfe824de86580&gt; = {'detail': 'Solde disponible insuffisant (montant + frais)'}.get
E    +            where {'detail': 'Solde disponible insuffisant (montant + frais)'} = json()
E    +              where json = &lt;Response [400]&gt;.json</failure></testcase><testcase classname="tests.backend_test.TestSendWithoutKey" name="test_send_without_key_debits_and_caches_match" time="0.387" /><testcase classname="tests.backend_test.TestSendWithoutKey" name="test_coffre_move_routes_through_ledger" time="0.339" /><testcase classname="tests.backend_test.TestAdminIntegrity" name="test_backfill_then_no_cache_mismatches" time="0.273" /><testcase classname="tests.backend_test.TestAdminIntegrity" name="test_backfill_is_idempotent" time="0.083" /><testcase classname="tests.backend_test.TestAdminIntegrity" name="test_integrity_balanced" time="0.103" /><testcase classname="tests.backend_test.TestAdminIntegrity" name="test_financial_health" time="0.079" /><testcase classname="tests.backend_test.TestAdminIntegrity" name="test_supply_discrepancy_unchanged_by_ledger_ops" time="0.433" /><testcase classname="tests.backend_test.TestAdminIntegrity" name="test_non_admin_forbidden" time="0.235" /><testcase classname="tests.backend_test.TestAdminIntegrity" name="test_unauthenticated_admin_endpoints" time="0.227" /><testcase classname="tests.test_backfill_drift" name="test_backfill_creates_migration_entry_for_drifted_account" time="0.326" /><testcase classname="tests.test_backfill_drift" name="test_backfill_cannot_fix_a_second_drift_on_same_account" time="0.418" /><testcase classname="tests.test_p01b2_holds.TestAvailableBalance" name="test_wallet_exposes_available" time="0.230" /><testcase classname="tests.test_p01b2_holds.TestAvailableBalance" name="test_create_hold_reserves_atomically" time="0.329" /><testcase classname="tests.test_p01b2_holds.TestAvailableBalance" name="test_hold_over_available_rejected" time="0.501" /><testcase classname="tests.test_p01b2_holds.TestAvailableBalance" name="test_invalid_amount_rejected" time="0.127" /><testcase classname="tests.test_p01b2_holds.TestConcurrencyDoubleSpend" name="test_10_concurrent_holds_of_20_on_balance_100" time="0.869" /><testcase classname="tests.test_p01b2_holds.TestConcurrencyDoubleSpend" name="test_2_concurrent_holds_of_80_exactly_one_wins" time="0.343" /><testcase classname="tests.test_p01b2_holds.TestConcurrencyDoubleSpend" name="test_concurrent_release_no_double_credit" time="0.676" /><testcase classname="tests.test_p01b2_holds.TestConcurrencyDoubleSpend" name="test_concurrent_capture_never_exceeds_hold" time="0.621" /><testcase classname="tests.test_p01b2_holds.TestIdempotency" name="test_same_key_concurrent_single_reservation" time="0.849" /><testcase classname="tests.test_p01b2_holds.TestIdempotency" name="test_same_key_different_payload_conflict" time="0.436" /><testcase classname="tests.test_p01b2_holds.TestIdempotency" name="test_failed_request_does_not_poison_key" time="60.488" /><testcase classname="tests.test_p01b2_holds.TestCaptureStateMachine" name="test_partial_then_full_capture" time="1.422" /><testcase classname="tests.test_p01b2_holds.TestCaptureStateMachine" name="test_release_then_capture_and_double_release" time="1.232" /><testcase classname="tests.test_p01b2_holds.TestCaptureStateMachine" name="test_unknown_hold_404" time="0.290" /><testcase classname="tests.test_p01b2_holds.TestCaptureStateMachine" name="test_cross_user_hold_isolation" time="0.460" /><testcase classname="tests.test_p01b2_holds.TestLazyExpiry" name="test_ttl_expiry_without_worker" time="4.027" /><testcase classname="tests.test_p01b2_holds.TestLazyExpiry" name="test_expired_funds_immediately_reusable" time="2.441" /><testcase classname="tests.test_p01b2_holds.TestIntegrity" name="test_holds_integrity_healthy" time="0.524" /><testcase classname="tests.test_p01b2_holds.TestIntegrity" name="test_financial_health" time="0.269" /><testcase classname="tests.test_p01b2_holds.TestIntegrity" name="test_rebuild_repairs_drifted_cache" time="0.846" /><testcase classname="tests.test_p01b2_holds.TestIntegrity" name="test_admin_endpoints_require_admin" time="0.342" /><testcase classname="tests.test_p01b2_holds.TestSystemStatus" name="test_requires_auth" time="0.153" /><testcase classname="tests.test_p01b2_holds.TestSystemStatus" name="test_capabilities_honest" time="0.141" /><testcase classname="tests.test_p01b2_holds_burst" name="test_capture_vs_expiry_burst" time="15.176" /><testcase classname="tests.test_p01b2_holds_race.TestExpiryCaptureRace" name="test_capture_at_expiry_boundary[0]" time="3.329" /><testcase classname="tests.test_p01b2_holds_race.TestExpiryCaptureRace" name="test_capture_at_expiry_boundary[1]" time="3.294" /><testcase classname="tests.test_p01b2_holds_race.TestExpiryCaptureRace" name="test_capture_at_expiry_boundary[2]" time="3.331" /><testcase classname="tests.test_p01b2_holds_race.TestExpiryCaptureRace" name="test_capture_at_expiry_boundary[3]" time="3.343" /><testcase classname="tests.test_p01b2_holds_race.TestExpiryCaptureRace" name="test_capture_at_expiry_boundary[4]" time="3.388" /><testcase classname="tests.test_p01b2_holds_race.TestExpiryCaptureRace" name="test_capture_at_expiry_boundary[5]" time="3.301" /><testcase classname="tests.test_p01b2_holds_race.TestChaosLoad" name="test_mixed_concurrent_operations_preserve_invariants" time="63.913" /><testcase classname="tests.test_p01b2_holds_race.TestLazyExpiryIntegrityFalsePositive" name="test_untouched_expired_hold_flags_global_health" time="3.006" /><testcase classname="tests.test_p01b3_fees_refunds_reversals.TestFeePolicy" name="test_get_policy_admin" time="0.146" /><testcase classname="tests.test_p01b3_fees_refunds_reversals.TestFeePolicy" name="test_non_admin_forbidden" time="0.156" /><testcase classname="tests.test_p01b3_fees_refunds_reversals.TestFeePolicy" name="test_invalid_policy_rejected" time="0.069" /><testcase classname="tests.test_p01b3_fees_refunds_reversals.TestFeePolicy" name="test_unknown_operation_rejected" time="0.162" /><testcase classname="tests.test_p01b3_fees_refunds_reversals.TestFeePolicy" name="test_out_of_range_values_rejected[cfg0]" time="0.151" /><testcase classname="tests.test_p01b3_fees_refunds_reversals.TestFeePolicy" name="test_out_of_range_values_rejected[cfg1]" time="0.141" /><testcase classname="tests.test_p01b3_fees_refunds_reversals.TestFeePolicy" name="test_out_of_range_values_rejected[cfg2]" time="0.160" /><testcase classname="tests.test_p01b3_fees_refunds_reversals.TestFeePolicy" name="test_all_valid_operations_accepted[withdrawal]" time="0.159" /><testcase classname="tests.test_p01b3_fees_refunds_reversals.TestFeePolicy" name="test_all_valid_operations_accepted[capture]" time="0.148" /><testcase classname="tests.test_p01b3_fees_refunds_reversals.TestFeePolicy" name="test_all_valid_operations_accepted[marketplace]" time="0.161" /><testcase classname="tests.test_p01b3_fees_refunds_reversals.TestFeePolicy" name="test_all_valid_operations_accepted[conversion]" time="0.151" /><testcase classname="tests.test_p01b3_fees_refunds_reversals.TestFeePolicy" name="test_all_valid_operations_accepted[transfer]" time="0.140" /><testcase classname="tests.test_p01b3_fees_refunds_reversals.TestFeePolicy" name="test_all_valid_operations_accepted[deposit]" time="0.168" /><testcase classname="tests.test_p01b3_fees_refunds_reversals.TestFeeQuote" name="test_quote_pct" time="0.090" /><testcase classname="tests.test_p01b3_fees_refunds_reversals.TestFeeQuote" name="test_quote_unknown_op_is_zero" time="0.087" /><testcase classname="tests.test_p01b3_fees_refunds_reversals.TestFeeQuote" name="test_quote_never_negative" time="0.176" /><testcase classname="tests.test_p01b3_fees_refunds_reversals.TestFeeQuote" name="test_quote_does_not_charge" time="0.250" /><testcase classname="tests.test_p01b3_fees_refunds_reversals.TestWithdrawalFee" name="test_withdrawal_charges_fee_via_ledger" time="0.414" /><testcase classname="tests.test_p01b3_fees_refunds_reversals.TestWithdrawalFee" name="test_withdrawal_insufficient_with_fee" time="0.154" /><testcase classname="tests.test_p01b3_fees_refunds_reversals.TestWithdrawalFee" name="test_rejected_withdrawal_refunds_principal_and_fee" time="0.491" /><testcase classname="tests.test_p01b3_fees_refunds_reversals.TestWithdrawalFee" name="test_rejected_small_withdrawal_fee_1_restores_100" time="0.319" /><testcase classname="tests.test_p01b3_fees_refunds_reversals.TestRefund" name="test_partial_then_over_then_full" time="0.923" /><testcase classname="tests.test_p01b3_fees_refunds_reversals.TestRefund" name="test_refund_not_found" time="0.078" /><testcase classname="tests.test_p01b3_fees_refunds_reversals.TestRefund" name="test_refund_inflow_rejected" time="0.240" /><testcase classname="tests.test_p01b3_fees_refunds_reversals.TestRefund" name="test_refund_of_a_refund_tx_returns_400" time="0.066" /><testcase classname="tests.test_p01b3_fees_refunds_reversals.TestRefund" name="test_refund_of_reversal_tx_returns_400" time="0.358" /><testcase classname="tests.test_p01b3_fees_refunds_reversals.TestRefund" name="test_refund_requires_admin" time="0.234" /><testcase classname="tests.test_p01b3_fees_refunds_reversals.TestRefund" name="test_refund_default_amount_is_full_principal" time="0.411" /><testcase classname="tests.test_p01b3_fees_refunds_reversals.TestRefund" name="test_refund_zero_or_negative_rejected" time="0.334" /><testcase classname="tests.test_p01b3_fees_refunds_reversals.TestReversal" name="test_reversal_restores_balance_and_double_reverse_409" time="0.827" /><testcase classname="tests.test_p01b3_fees_refunds_reversals.TestReversal" name="test_reverse_after_refund_409" time="0.548" /><testcase classname="tests.test_p01b3_fees_refunds_reversals.TestReversal" name="test_reversal_not_found_and_requires_admin" time="0.332" /><testcase classname="tests.test_p01b3_fees_refunds_reversals.TestIdempotency" name="test_refund_idem_replay_no_double_credit" time="0.596" /><testcase classname="tests.test_p01b3_fees_refunds_reversals.TestIdempotency" name="test_reversal_idem_replay_no_double_credit" time="0.572" /><testcase classname="tests.test_p01b3_fees_refunds_reversals.TestConcurrency" name="test_concurrent_partial_refunds_never_over_refund" time="1.089" /><testcase classname="tests.test_p01b3_fees_refunds_reversals.TestConcurrency" name="test_concurrent_reversals_exactly_one_winner" time="0.988" /><testcase classname="tests.test_p01b3_fees_refunds_reversals.TestConcurrency" name="test_concurrent_refund_and_reversal_mutually_exclusive" time="0.588" /><testcase classname="tests.test_p01b3_fees_refunds_reversals.TestIntegrityAndStatus" name="test_financial_health" time="0.102" /><testcase classname="tests.test_p01b3_fees_refunds_reversals.TestIntegrityAndStatus" name="test_ledger_integrity_no_cache_mismatch" time="0.094" /><testcase classname="tests.test_p01b3_fees_refunds_reversals.TestIntegrityAndStatus" name="test_capabilities_honest" time="0.092" /><testcase classname="tests.test_p01b3_fees_refunds_reversals.TestIntegrityAndStatus" name="test_refunds_reversals_lists_admin_only" time="0.419" /><testcase classname="tests.test_p01b3_stress_concurrency" name="test_stress_concurrent_partial_refunds[1]" time="2.597" /><testcase classname="tests.test_p01b3_stress_concurrency" name="test_stress_concurrent_partial_refunds[2]" time="1.995" /><testcase classname="tests.test_p01b3_stress_concurrency" name="test_stress_concurrent_partial_refunds[3]" time="2.049" /><testcase classname="tests.test_p01b3_stress_concurrency" name="test_stress_concurrent_reversals_single_winner[1]" time="1.479" /><testcase classname="tests.test_p01b3_stress_concurrency" name="test_stress_concurrent_reversals_single_winner[2]" time="68.904" /><testcase classname="tests.test_p01b3_stress_concurrency" name="test_stress_concurrent_reversals_single_winner[3]" time="1.551" /><testcase classname="tests.test_p01b3_stress_concurrency" name="test_stress_mixed_refunds_and_reversals" time="1.586" /><testcase classname="tests.test_p01b3_withdrawal_guards" name="test_withdrawal_respects_active_hold" time="0.757" /><testcase classname="tests.test_p01b3_withdrawal_guards" name="test_withdrawal_partial_hold_limits_amount" time="0.550" /><testcase classname="tests.test_p01b3_withdrawal_guards" name="test_concurrent_withdrawals_atomic_guard[1]" time="0.884" /><testcase classname="tests.test_p01b3_withdrawal_guards" name="test_concurrent_withdrawals_atomic_guard[2]" time="68.773" /><testcase classname="tests.test_p01b3_withdrawal_guards" name="test_concurrent_withdrawals_atomic_guard[3]" time="0.942" /><testcase classname="tests.test_p01b3_withdrawal_guards" name="test_concurrent_withdrawals_with_hold" time="0.722" /><testcase classname="tests.test_p01b3_withdrawal_guards" name="test_ledger_balanced_after_withdrawal_races" time="0.172" /><testcase classname="tests.test_p01b_idem_killswitch.TestMarketplaceIdempotency" name="test_same_key_debits_once" time="0.398" /><testcase classname="tests.test_p01b_idem_killswitch.TestMarketplaceIdempotency" name="test_same_key_different_body_conflict" time="0.359" /><testcase classname="tests.test_p01b_idem_killswitch.TestMarketplaceIdempotency" name="test_no_key_allows_two_debits" time="0.328" /><testcase classname="tests.test_p01b_idem_killswitch.TestCoffreMoveIdempotency" name="test_move_applied_once" time="0.635" /><testcase classname="tests.test_p01b_idem_killswitch.TestCoffreMoveIdempotency" name="test_move_conflict_on_different_amount" time="0.324" /><testcase classname="tests.test_p01b_idem_killswitch.TestKillSwitch" name="test_invalid_name_400" time="0.075" /><testcase classname="tests.test_p01b_idem_killswitch.TestKillSwitch" name="test_non_admin_forbidden" time="0.157" /><testcase classname="tests.test_p01b_idem_killswitch.TestKillSwitch" name="test_unauthenticated_rejected" time="0.128" /><testcase classname="tests.test_p01b_idem_killswitch.TestKillSwitch" name="test_suspend_then_resume" time="0.554" /><testcase classname="tests.test_p01b_idem_killswitch.TestKillSwitch" name="test_execute_suspended_then_resumed" time="0.946" /><testcase classname="tests.test_p01b_idem_killswitch.TestKillSwitch" name="test_card_killswitch_blocks_intent_creation" time="0.324" /><testcase classname="tests.test_p01b_idem_killswitch.TestKillSwitch" name="test_card_killswitch_should_also_block_execute" time="0.639" /><testcase classname="tests.test_p01b_idem_killswitch.TestKillSwitch" name="test_settings_exposes_kill_switch_state" time="0.255" /><testcase classname="tests.test_p01b_idem_killswitch.TestLedgerRegression" name="test_financial_health" time="0.092" /><testcase classname="tests.test_p01b_idem_killswitch.TestLedgerRegression" name="test_ledger_integrity" time="0.087" /><testcase classname="tests.test_p01b_idem_killswitch.TestLedgerRegression" name="test_backfill_still_works" time="0.185" /></testsuite></testsuites>