<?xml version="1.0" encoding="utf-8"?><testsuites name="pytest tests"><testsuite name="pytest" errors="0" failures="1" skipped="0" tests="46" time="113.518" timestamp="2026-08-31T21:32:34.882237+00:00" hostname="agent-env-a0d29c1c-dc45-44b8-8dbf-aa6094a4aa09"><testcase classname="tests.test_p01b45_settlement_makerchecker.TestAssetsAndPrecision" name="test_assets_registry" time="0.338" /><testcase classname="tests.test_p01b45_settlement_makerchecker.TestAssetsAndPrecision" name="test_assets_requires_auth" time="0.075" /><testcase classname="tests.test_p01b45_settlement_makerchecker.TestAssetsAndPrecision" name="test_precision_dry_run_report" time="0.075" /><testcase classname="tests.test_p01b45_settlement_makerchecker.TestAssetsAndPrecision" name="test_precision_requires_admin" time="0.062" /><testcase classname="tests.test_p01b45_settlement_makerchecker.TestAssetsAndPrecision" name="test_minor_exactness_after_decimal_ops" time="0.230" /><testcase classname="tests.test_p01b45_settlement_makerchecker.TestSettlementLifecycle" name="test_create_submit_history" time="1.364" /><testcase classname="tests.test_p01b45_settlement_makerchecker.TestSettlementLifecycle" name="test_double_submit_is_409" time="0.379" /><testcase classname="tests.test_p01b45_settlement_makerchecker.TestSettlementLifecycle" name="test_duplicate_settlement_for_same_tx" time="0.295" /><testcase classname="tests.test_p01b45_settlement_makerchecker.TestSettlementLifecycle" name="test_cross_provider_webhook_scope" time="0.484"><failure message="AssertionError: SECURITY: mock_processor webhook settled a mock_bank settlement (provider not verified)&#10;assert 'SETTLED' != 'SETTLED'">E   AssertionError: SECURITY: mock_processor webhook settled a mock_bank settlement (provider not verified)
    assert 'SETTLED' != 'SETTLED'</failure></testcase><testcase classname="tests.test_p01b45_settlement_makerchecker.TestSettlementLifecycle" name="test_bad_tx_and_provider" time="0.358" /><testcase classname="tests.test_p01b45_settlement_makerchecker.TestSettlementLifecycle" name="test_get_unknown_settlement_404" time="0.114" /><testcase classname="tests.test_p01b45_settlement_makerchecker.TestSettlementLifecycle" name="test_concurrent_terminal_transition_single_winner" time="4.131" /><testcase classname="tests.test_p01b45_settlement_makerchecker.TestWebhookInbox" name="test_missing_event_id_400" time="0.119" /><testcase classname="tests.test_p01b45_settlement_makerchecker.TestWebhookInbox" name="test_same_event_id_100x_one_effect" time="9.116" /><testcase classname="tests.test_p01b45_settlement_makerchecker.TestWebhookInbox" name="test_out_of_order_processing_after_settled_ignored" time="0.693" /><testcase classname="tests.test_p01b45_settlement_makerchecker.TestWebhookInbox" name="test_settled_on_pending_allowed" time="0.398" /><testcase classname="tests.test_p01b45_settlement_makerchecker.TestWebhookInbox" name="test_unapplicable_on_non_terminal_goes_to_review" time="0.806" /><testcase classname="tests.test_p01b45_settlement_makerchecker.TestWebhookInbox" name="test_unknown_provider_reference_no_action" time="0.141" /><testcase classname="tests.test_p01b45_settlement_makerchecker.TestReconciliation" name="test_missing_provider_reference_case" time="0.460" /><testcase classname="tests.test_p01b45_settlement_makerchecker.TestReconciliation" name="test_amount_mismatch_case" time="0.318" /><testcase classname="tests.test_p01b45_settlement_makerchecker.TestReconciliation" name="test_concurrent_resolve_single_winner" time="1.161" /><testcase classname="tests.test_p01b45_settlement_makerchecker.TestReconciliation" name="test_invalid_resolution_400" time="0.075" /><testcase classname="tests.test_p01b45_settlement_makerchecker.TestReconciliation" name="test_resolve_unknown_case_409" time="0.086" /><testcase classname="tests.test_p01b45_settlement_makerchecker.TestOutbox" name="test_events_created_and_delivered" time="2.290" /><testcase classname="tests.test_p01b45_settlement_makerchecker.TestOutbox" name="test_replay_keeps_single_business_effect" time="2.369" /><testcase classname="tests.test_p01b45_settlement_makerchecker.TestOutbox" name="test_replay_unknown_404" time="0.077" /><testcase classname="tests.test_p01b45_settlement_makerchecker.TestOutbox" name="test_outbox_unique_index_and_listing" time="0.120" /><testcase classname="tests.test_p01b45_settlement_makerchecker.TestOutbox" name="test_dead_letter_after_repeated_failure" time="0.179" /><testcase classname="tests.test_p01b45_settlement_makerchecker.TestMakerChecker" name="test_non_sensitive_op_400" time="0.075" /><testcase classname="tests.test_p01b45_settlement_makerchecker.TestMakerChecker" name="test_requires_admin" time="0.082" /><testcase classname="tests.test_p01b45_settlement_makerchecker.TestMakerChecker" name="test_maker_cannot_be_checker_backend" time="0.389" /><testcase classname="tests.test_p01b45_settlement_makerchecker.TestMakerChecker" name="test_checker_executes_fee_policy_change" time="0.372" /><testcase classname="tests.test_p01b45_settlement_makerchecker.TestMakerChecker" name="test_concurrent_approvals_single_execution" time="46.743" /><testcase classname="tests.test_p01b45_settlement_makerchecker.TestMakerChecker" name="test_concurrent_reject_single_winner" time="36.486" /><testcase classname="tests.test_p01b45_settlement_makerchecker.TestMakerChecker" name="test_expired_approval_409" time="0.222" /><testcase classname="tests.test_p01b45_settlement_makerchecker.TestMakerChecker" name="test_payload_tamper_detected" time="0.197" /><testcase classname="tests.test_p01b45_settlement_makerchecker.TestMakerChecker" name="test_approve_unknown_404" time="0.077" /><testcase classname="tests.test_p01b45_settlement_makerchecker.TestMakerChecker" name="test_manual_ledger_adjustment_goes_through_ledger" time="0.384" /><testcase classname="tests.test_p01b45_settlement_makerchecker.TestRecovery" name="test_scan_shape_and_journal" time="0.142" /><testcase classname="tests.test_p01b45_settlement_makerchecker.TestRecovery" name="test_recovery_requires_admin" time="0.132" /><testcase classname="tests.test_p01b45_settlement_makerchecker.TestRecovery" name="test_crash_window_stale_idempotency" time="0.364" /><testcase classname="tests.test_p01b45_settlement_makerchecker.TestRecovery" name="test_crash_window_expired_hold_lazy_expiry" time="0.523" /><testcase classname="tests.test_p01b45_settlement_makerchecker.TestRecovery" name="test_auto_heal_expires_hold_without_lazy_read" time="0.286" /><testcase classname="tests.test_p01b45_settlement_makerchecker.TestRecovery" name="test_crash_window_stuck_settlement" time="0.381" /><testcase classname="tests.test_p01b45_settlement_makerchecker.TestInvariantsAndHonesty" name="test_system_status_capabilities_honest" time="0.071" /><testcase classname="tests.test_p01b45_settlement_makerchecker.TestInvariantsAndHonesty" name="test_final_invariants" time="0.237" /></testsuite></testsuites>