<?xml version="1.0" encoding="utf-8"?><testsuites name="pytest tests"><testsuite name="pytest" errors="0" failures="0" skipped="0" tests="197" time="268.734" timestamp="2026-08-31T21:42:46.120736+00:00" hostname="agent-env-a0d29c1c-dc45-44b8-8dbf-aa6094a4aa09"><testcase classname="tests.backend_test.TestSanity" name="test_wallet_reachable" time="0.208" /><testcase classname="tests.backend_test.TestSanity" name="test_unauthenticated_rejected" time="0.103" /><testcase classname="tests.backend_test.TestSendIdempotency" name="test_replay_same_key_same_body_debits_once" time="0.533" /><testcase classname="tests.backend_test.TestSendIdempotency" name="test_same_key_different_body_conflict" time="0.448" /><testcase classname="tests.backend_test.TestSendIdempotency" name="test_key_scoped_per_user" time="0.284" /><testcase classname="tests.backend_test.TestSendIdempotency" name="test_failed_request_key_is_not_poisoned" time="0.180" /><testcase classname="tests.backend_test.TestSendIdempotency" name="test_failed_key_retry_with_corrected_amount_succeeds" time="0.613" /><testcase classname="tests.backend_test.TestWithdrawalIdempotency" name="test_replay_does_not_create_second_withdrawal" time="0.561" /><testcase classname="tests.backend_test.TestWithdrawalIdempotency" name="test_withdrawal_conflict_different_body" time="0.189" /><testcase classname="tests.backend_test.TestWithdrawalIdempotency" name="test_withdrawal_failed_key_retry_succeeds" time="0.397" /><testcase classname="tests.backend_test.TestSendWithoutKey" name="test_send_without_key_debits_and_caches_match" time="0.543" /><testcase classname="tests.backend_test.TestSendWithoutKey" name="test_coffre_move_routes_through_ledger" time="0.376" /><testcase classname="tests.backend_test.TestAdminIntegrity" name="test_backfill_then_no_cache_mismatches" time="0.298" /><testcase classname="tests.backend_test.TestAdminIntegrity" name="test_backfill_is_idempotent" time="0.106" /><testcase classname="tests.backend_test.TestAdminIntegrity" name="test_integrity_balanced" time="0.102" /><testcase classname="tests.backend_test.TestAdminIntegrity" name="test_financial_health" time="0.124" /><testcase classname="tests.backend_test.TestAdminIntegrity" name="test_supply_discrepancy_unchanged_by_ledger_ops" time="0.512" /><testcase classname="tests.backend_test.TestAdminIntegrity" name="test_non_admin_forbidden" time="0.293" /><testcase classname="tests.backend_test.TestAdminIntegrity" name="test_unauthenticated_admin_endpoints" time="0.381" /><testcase classname="tests.test_backfill_drift" name="test_backfill_creates_migration_entry_for_drifted_account" time="0.487" /><testcase classname="tests.test_backfill_drift" name="test_backfill_cannot_fix_a_second_drift_on_same_account" time="0.526" /><testcase classname="tests.test_p01b2_holds.TestAvailableBalance" name="test_wallet_exposes_available" time="0.198" /><testcase classname="tests.test_p01b2_holds.TestAvailableBalance" name="test_create_hold_reserves_atomically" time="0.354" /><testcase classname="tests.test_p01b2_holds.TestAvailableBalance" name="test_hold_over_available_rejected" time="0.513" /><testcase classname="tests.test_p01b2_holds.TestAvailableBalance" name="test_invalid_amount_rejected" time="0.161" /><testcase classname="tests.test_p01b2_holds.TestConcurrencyDoubleSpend" name="test_10_concurrent_holds_of_20_on_balance_100" time="0.968" /><testcase classname="tests.test_p01b2_holds.TestConcurrencyDoubleSpend" name="test_2_concurrent_holds_of_80_exactly_one_wins" time="0.366" /><testcase classname="tests.test_p01b2_holds.TestConcurrencyDoubleSpend" name="test_concurrent_release_no_double_credit" time="0.673" /><testcase classname="tests.test_p01b2_holds.TestConcurrencyDoubleSpend" name="test_concurrent_capture_never_exceeds_hold" time="0.766" /><testcase classname="tests.test_p01b2_holds.TestIdempotency" name="test_same_key_concurrent_single_reservation" time="0.882" /><testcase classname="tests.test_p01b2_holds.TestIdempotency" name="test_same_key_different_payload_conflict" time="0.485" /><testcase classname="tests.test_p01b2_holds.TestIdempotency" name="test_failed_request_does_not_poison_key" time="0.311" /><testcase classname="tests.test_p01b2_holds.TestCaptureStateMachine" name="test_partial_then_full_capture" time="1.476" /><testcase classname="tests.test_p01b2_holds.TestCaptureStateMachine" name="test_release_then_capture_and_double_release" time="1.261" /><testcase classname="tests.test_p01b2_holds.TestCaptureStateMachine" name="test_unknown_hold_404" time="0.306" /><testcase classname="tests.test_p01b2_holds.TestCaptureStateMachine" name="test_cross_user_hold_isolation" time="0.414" /><testcase classname="tests.test_p01b2_holds.TestLazyExpiry" name="test_ttl_expiry_without_worker" time="3.276" /><testcase classname="tests.test_p01b2_holds.TestLazyExpiry" name="test_expired_funds_immediately_reusable" time="2.499" /><testcase classname="tests.test_p01b2_holds.TestIntegrity" name="test_holds_integrity_healthy" time="0.483" /><testcase classname="tests.test_p01b2_holds.TestIntegrity" name="test_financial_health" time="0.174" /><testcase classname="tests.test_p01b2_holds.TestIntegrity" name="test_rebuild_repairs_drifted_cache" time="0.761" /><testcase classname="tests.test_p01b2_holds.TestIntegrity" name="test_admin_endpoints_require_admin" time="0.286" /><testcase classname="tests.test_p01b2_holds.TestSystemStatus" name="test_requires_auth" time="0.131" /><testcase classname="tests.test_p01b2_holds.TestSystemStatus" name="test_capabilities_honest" time="0.156" /><testcase classname="tests.test_p01b2_holds_burst" name="test_capture_vs_expiry_burst" time="15.274" /><testcase classname="tests.test_p01b2_holds_race.TestExpiryCaptureRace" name="test_capture_at_expiry_boundary[0]" time="3.364" /><testcase classname="tests.test_p01b2_holds_race.TestExpiryCaptureRace" name="test_capture_at_expiry_boundary[1]" time="3.272" /><testcase classname="tests.test_p01b2_holds_race.TestExpiryCaptureRace" name="test_capture_at_expiry_boundary[2]" time="3.188" /><testcase classname="tests.test_p01b2_holds_race.TestExpiryCaptureRace" name="test_capture_at_expiry_boundary[3]" time="5.426" /><testcase classname="tests.test_p01b2_holds_race.TestExpiryCaptureRace" name="test_capture_at_expiry_boundary[4]" time="9.552" /><testcase classname="tests.test_p01b2_holds_race.TestExpiryCaptureRace" name="test_capture_at_expiry_boundary[5]" time="39.179" /><testcase classname="tests.test_p01b2_holds_race.TestChaosLoad" name="test_mixed_concurrent_operations_preserve_invariants" time="4.235" /><testcase classname="tests.test_p01b2_holds_race.TestLazyExpiryIntegrityFalsePositive" name="test_untouched_expired_hold_flags_global_health" time="3.047" /><testcase classname="tests.test_p01b3_admin_decision_atomicity" name="test_concurrent_rejects_credit_only_once[1]" time="1.291" /><testcase classname="tests.test_p01b3_admin_decision_atomicity" name="test_concurrent_rejects_credit_only_once[2]" time="1.196" /><testcase classname="tests.test_p01b3_admin_decision_atomicity" name="test_concurrent_rejects_credit_only_once[3]" time="1.241" /><testcase classname="tests.test_p01b3_admin_decision_atomicity" name="test_concurrent_rejects_credit_only_once[4]" time="2.563" /><testcase classname="tests.test_p01b3_admin_decision_atomicity" name="test_concurrent_rejects_credit_only_once[5]" time="1.409" /><testcase classname="tests.test_p01b3_admin_decision_atomicity" name="test_approve_and_reject_mutually_exclusive" time="11.887" /><testcase classname="tests.test_p01b3_fees_refunds_reversals.TestFeePolicy" name="test_get_policy_admin" time="0.172" /><testcase classname="tests.test_p01b3_fees_refunds_reversals.TestFeePolicy" name="test_non_admin_forbidden" time="0.195" /><testcase classname="tests.test_p01b3_fees_refunds_reversals.TestFeePolicy" name="test_invalid_policy_rejected" time="0.100" /><testcase classname="tests.test_p01b3_fees_refunds_reversals.TestFeePolicy" name="test_unknown_operation_rejected" time="0.181" /><testcase classname="tests.test_p01b3_fees_refunds_reversals.TestFeePolicy" name="test_out_of_range_values_rejected[cfg0]" time="0.193" /><testcase classname="tests.test_p01b3_fees_refunds_reversals.TestFeePolicy" name="test_out_of_range_values_rejected[cfg1]" time="0.186" /><testcase classname="tests.test_p01b3_fees_refunds_reversals.TestFeePolicy" name="test_out_of_range_values_rejected[cfg2]" time="0.181" /><testcase classname="tests.test_p01b3_fees_refunds_reversals.TestFeePolicy" name="test_all_valid_operations_accepted[withdrawal]" time="0.186" /><testcase classname="tests.test_p01b3_fees_refunds_reversals.TestFeePolicy" name="test_all_valid_operations_accepted[capture]" time="0.202" /><testcase classname="tests.test_p01b3_fees_refunds_reversals.TestFeePolicy" name="test_all_valid_operations_accepted[marketplace]" time="0.204" /><testcase classname="tests.test_p01b3_fees_refunds_reversals.TestFeePolicy" name="test_all_valid_operations_accepted[conversion]" time="0.199" /><testcase classname="tests.test_p01b3_fees_refunds_reversals.TestFeePolicy" name="test_all_valid_operations_accepted[transfer]" time="0.209" /><testcase classname="tests.test_p01b3_fees_refunds_reversals.TestFeePolicy" name="test_all_valid_operations_accepted[deposit]" time="0.186" /><testcase classname="tests.test_p01b3_fees_refunds_reversals.TestFeeQuote" name="test_quote_pct" time="0.102" /><testcase classname="tests.test_p01b3_fees_refunds_reversals.TestFeeQuote" name="test_quote_unknown_op_is_zero" time="0.109" /><testcase classname="tests.test_p01b3_fees_refunds_reversals.TestFeeQuote" name="test_quote_never_negative" time="0.193" /><testcase classname="tests.test_p01b3_fees_refunds_reversals.TestFeeQuote" name="test_quote_does_not_charge" time="0.280" /><testcase classname="tests.test_p01b3_fees_refunds_reversals.TestWithdrawalFee" name="test_withdrawal_charges_fee_via_ledger" time="0.502" /><testcase classname="tests.test_p01b3_fees_refunds_reversals.TestWithdrawalFee" name="test_withdrawal_insufficient_with_fee" time="0.202" /><testcase classname="tests.test_p01b3_fees_refunds_reversals.TestWithdrawalFee" name="test_rejected_withdrawal_refunds_principal_and_fee" time="0.628" /><testcase classname="tests.test_p01b3_fees_refunds_reversals.TestWithdrawalFee" name="test_rejected_small_withdrawal_fee_1_restores_100" time="0.439" /><testcase classname="tests.test_p01b3_fees_refunds_reversals.TestRefund" name="test_partial_then_over_then_full" time="1.138" /><testcase classname="tests.test_p01b3_fees_refunds_reversals.TestRefund" name="test_refund_not_found" time="0.087" /><testcase classname="tests.test_p01b3_fees_refunds_reversals.TestRefund" name="test_refund_inflow_rejected" time="0.300" /><testcase classname="tests.test_p01b3_fees_refunds_reversals.TestRefund" name="test_refund_of_a_refund_tx_returns_400" time="0.100" /><testcase classname="tests.test_p01b3_fees_refunds_reversals.TestRefund" name="test_refund_of_reversal_tx_returns_400" time="0.383" /><testcase classname="tests.test_p01b3_fees_refunds_reversals.TestRefund" name="test_refund_requires_admin" time="0.288" /><testcase classname="tests.test_p01b3_fees_refunds_reversals.TestRefund" name="test_refund_default_amount_is_full_principal" time="0.494" /><testcase classname="tests.test_p01b3_fees_refunds_reversals.TestRefund" name="test_refund_zero_or_negative_rejected" time="0.377" /><testcase classname="tests.test_p01b3_fees_refunds_reversals.TestReversal" name="test_reversal_restores_balance_and_double_reverse_409" time="0.992" /><testcase classname="tests.test_p01b3_fees_refunds_reversals.TestReversal" name="test_reverse_after_refund_409" time="0.712" /><testcase classname="tests.test_p01b3_fees_refunds_reversals.TestReversal" name="test_reversal_not_found_and_requires_admin" time="0.454" /><testcase classname="tests.test_p01b3_fees_refunds_reversals.TestIdempotency" name="test_refund_idem_replay_no_double_credit" time="0.687" /><testcase classname="tests.test_p01b3_fees_refunds_reversals.TestIdempotency" name="test_reversal_idem_replay_no_double_credit" time="0.723" /><testcase classname="tests.test_p01b3_fees_refunds_reversals.TestConcurrency" name="test_concurrent_partial_refunds_never_over_refund" time="1.181" /><testcase classname="tests.test_p01b3_fees_refunds_reversals.TestConcurrency" name="test_concurrent_reversals_exactly_one_winner" time="1.144" /><testcase classname="tests.test_p01b3_fees_refunds_reversals.TestConcurrency" name="test_concurrent_refund_and_reversal_mutually_exclusive" time="0.707" /><testcase classname="tests.test_p01b3_fees_refunds_reversals.TestIntegrityAndStatus" name="test_financial_health" time="0.111" /><testcase classname="tests.test_p01b3_fees_refunds_reversals.TestIntegrityAndStatus" name="test_ledger_integrity_no_cache_mismatch" time="0.102" /><testcase classname="tests.test_p01b3_fees_refunds_reversals.TestIntegrityAndStatus" name="test_capabilities_honest" time="0.091" /><testcase classname="tests.test_p01b3_fees_refunds_reversals.TestIntegrityAndStatus" name="test_refunds_reversals_lists_admin_only" time="0.510" /><testcase classname="tests.test_p01b3_fix4_compensation" name="test_refunded_cc_matches_refund_records" time="0.973" /><testcase classname="tests.test_p01b3_fix4_compensation" name="test_reversed_flag_matches_reversal_record" time="0.721" /><testcase classname="tests.test_p01b3_fix4_compensation" name="test_no_guard_drift_after_concurrent_mixed_traffic" time="1.831" /><testcase classname="tests.test_p01b3_fix4_compensation" name="test_global_refund_counter_invariant" time="0.002" /><testcase classname="tests.test_p01b3_fix4_compensation" name="test_health_balanced" time="0.132" /><testcase classname="tests.test_p01b3_stress_concurrency" name="test_stress_concurrent_partial_refunds[1]" time="2.456" /><testcase classname="tests.test_p01b3_stress_concurrency" name="test_stress_concurrent_partial_refunds[2]" time="2.301" /><testcase classname="tests.test_p01b3_stress_concurrency" name="test_stress_concurrent_partial_refunds[3]" time="2.295" /><testcase classname="tests.test_p01b3_stress_concurrency" name="test_stress_concurrent_reversals_single_winner[1]" time="1.786" /><testcase classname="tests.test_p01b3_stress_concurrency" name="test_stress_concurrent_reversals_single_winner[2]" time="1.718" /><testcase classname="tests.test_p01b3_stress_concurrency" name="test_stress_concurrent_reversals_single_winner[3]" time="1.740" /><testcase classname="tests.test_p01b3_stress_concurrency" name="test_stress_mixed_refunds_and_reversals" time="1.764" /><testcase classname="tests.test_p01b3_withdrawal_guards" name="test_withdrawal_respects_active_hold" time="0.832" /><testcase classname="tests.test_p01b3_withdrawal_guards" name="test_withdrawal_partial_hold_limits_amount" time="0.607" /><testcase classname="tests.test_p01b3_withdrawal_guards" name="test_concurrent_withdrawals_atomic_guard[1]" time="1.049" /><testcase classname="tests.test_p01b3_withdrawal_guards" name="test_concurrent_withdrawals_atomic_guard[2]" time="1.275" /><testcase classname="tests.test_p01b3_withdrawal_guards" name="test_concurrent_withdrawals_atomic_guard[3]" time="0.968" /><testcase classname="tests.test_p01b3_withdrawal_guards" name="test_concurrent_withdrawals_with_hold" time="1.864" /><testcase classname="tests.test_p01b3_withdrawal_guards" name="test_ledger_balanced_after_withdrawal_races" time="0.207" /><testcase classname="tests.test_p01b45_fixes_i8.TestWebhookProviderScoping" name="test_wrong_provider_cannot_drive_any_state" time="1.462" /><testcase classname="tests.test_p01b45_fixes_i8.TestWebhookProviderScoping" name="test_scoping_holds_under_concurrency" time="1.851" /><testcase classname="tests.test_p01b45_fixes_i8.TestWebhookProviderScoping" name="test_unknown_reference_no_action" time="0.153" /><testcase classname="tests.test_p01b45_fixes_i8.TestWebhookPayloadConflict" name="test_same_event_id_different_body_is_conflict" time="1.194" /><testcase classname="tests.test_p01b45_fixes_i8.TestSubmitRetry" name="test_retry_when_submitted_with_null_reference" time="0.682" /><testcase classname="tests.test_p01b45_fixes_i8.TestSubmitRetry" name="test_no_retry_from_terminal_even_with_null_reference" time="0.396" /><testcase classname="tests.test_p01b45_fixes_i8.TestRecoveryClassification" name="test_expired_approval_classified_and_healed" time="0.655" /><testcase classname="tests.test_p01b45_fixes_i8.TestRecoveryClassification" name="test_unprocessed_inbox_manual_review" time="0.254" /><testcase classname="tests.test_p01b45_fixes_i8.TestPrecisionHonesty" name="test_destructive_migration_501" time="0.120" /><testcase classname="tests.test_p01b45_fixes_i8.TestPrecisionHonesty" name="test_dry_run_still_reports" time="0.099" /><testcase classname="tests.test_p01b45_fixes_i8.TestPrecisionHonesty" name="test_migration_requires_admin" time="0.116" /><testcase classname="tests.test_p01b45_fixes_i8.TestRejectCompensation" name="test_normal_reject_refunds_principal_and_fee" time="1.666" /><testcase classname="tests.test_p01b45_fixes_i8.TestRejectCompensation" name="test_concurrent_reject_single_refund" time="1.124" /><testcase classname="tests.test_p01b45_fixes_i8.TestRejectCompensation" name="test_refund_failure_reverts_status_and_flags_critical" time="0.202" /><testcase classname="tests.test_p01b45_fixes_i8.TestFinalInvariants" name="test_financial_health" time="0.132" /><testcase classname="tests.test_p01b45_fixes_i8.TestFinalInvariants" name="test_system_status_honest" time="0.259" /><testcase classname="tests.test_p01b45_settlement_makerchecker.TestAssetsAndPrecision" name="test_assets_registry" time="0.224" /><testcase classname="tests.test_p01b45_settlement_makerchecker.TestAssetsAndPrecision" name="test_assets_requires_auth" time="0.099" /><testcase classname="tests.test_p01b45_settlement_makerchecker.TestAssetsAndPrecision" name="test_precision_dry_run_report" time="0.101" /><testcase classname="tests.test_p01b45_settlement_makerchecker.TestAssetsAndPrecision" name="test_precision_requires_admin" time="0.097" /><testcase classname="tests.test_p01b45_settlement_makerchecker.TestAssetsAndPrecision" name="test_minor_exactness_after_decimal_ops" time="0.327" /><testcase classname="tests.test_p01b45_settlement_makerchecker.TestSettlementLifecycle" name="test_create_submit_history" time="0.703" /><testcase classname="tests.test_p01b45_settlement_makerchecker.TestSettlementLifecycle" name="test_double_submit_is_409" time="0.483" /><testcase classname="tests.test_p01b45_settlement_makerchecker.TestSettlementLifecycle" name="test_duplicate_settlement_for_same_tx" time="0.418" /><testcase classname="tests.test_p01b45_settlement_makerchecker.TestSettlementLifecycle" name="test_cross_provider_webhook_scope" time="0.697" /><testcase classname="tests.test_p01b45_settlement_makerchecker.TestSettlementLifecycle" name="test_bad_tx_and_provider" time="0.684" /><testcase classname="tests.test_p01b45_settlement_makerchecker.TestSettlementLifecycle" name="test_get_unknown_settlement_404" time="0.110" /><testcase classname="tests.test_p01b45_settlement_makerchecker.TestSettlementLifecycle" name="test_concurrent_terminal_transition_single_winner" time="48.826" /><testcase classname="tests.test_p01b45_settlement_makerchecker.TestWebhookInbox" name="test_missing_event_id_400" time="0.163" /><testcase classname="tests.test_p01b45_settlement_makerchecker.TestWebhookInbox" name="test_same_event_id_100x_one_effect" time="7.657" /><testcase classname="tests.test_p01b45_settlement_makerchecker.TestWebhookInbox" name="test_out_of_order_processing_after_settled_ignored" time="0.729" /><testcase classname="tests.test_p01b45_settlement_makerchecker.TestWebhookInbox" name="test_settled_on_pending_allowed" time="0.421" /><testcase classname="tests.test_p01b45_settlement_makerchecker.TestWebhookInbox" name="test_unapplicable_on_non_terminal_goes_to_review" time="0.948" /><testcase classname="tests.test_p01b45_settlement_makerchecker.TestWebhookInbox" name="test_unknown_provider_reference_no_action" time="0.245" /><testcase classname="tests.test_p01b45_settlement_makerchecker.TestReconciliation" name="test_missing_provider_reference_case" time="0.715" /><testcase classname="tests.test_p01b45_settlement_makerchecker.TestReconciliation" name="test_amount_mismatch_case" time="0.450" /><testcase classname="tests.test_p01b45_settlement_makerchecker.TestReconciliation" name="test_concurrent_resolve_single_winner" time="1.420" /><testcase classname="tests.test_p01b45_settlement_makerchecker.TestReconciliation" name="test_invalid_resolution_400" time="0.102" /><testcase classname="tests.test_p01b45_settlement_makerchecker.TestReconciliation" name="test_resolve_unknown_case_409" time="0.103" /><testcase classname="tests.test_p01b45_settlement_makerchecker.TestOutbox" name="test_events_created_and_delivered" time="2.399" /><testcase classname="tests.test_p01b45_settlement_makerchecker.TestOutbox" name="test_replay_keeps_single_business_effect" time="2.494" /><testcase classname="tests.test_p01b45_settlement_makerchecker.TestOutbox" name="test_replay_unknown_404" time="0.089" /><testcase classname="tests.test_p01b45_settlement_makerchecker.TestOutbox" name="test_outbox_unique_index_and_listing" time="0.157" /><testcase classname="tests.test_p01b45_settlement_makerchecker.TestOutbox" name="test_dead_letter_after_repeated_failure" time="0.248" /><testcase classname="tests.test_p01b45_settlement_makerchecker.TestMakerChecker" name="test_non_sensitive_op_400" time="0.115" /><testcase classname="tests.test_p01b45_settlement_makerchecker.TestMakerChecker" name="test_requires_admin" time="0.093" /><testcase classname="tests.test_p01b45_settlement_makerchecker.TestMakerChecker" name="test_maker_cannot_be_checker_backend" time="0.279" /><testcase classname="tests.test_p01b45_settlement_makerchecker.TestMakerChecker" name="test_checker_executes_fee_policy_change" time="0.524" /><testcase classname="tests.test_p01b45_settlement_makerchecker.TestMakerChecker" name="test_concurrent_approvals_single_execution" time="3.240" /><testcase classname="tests.test_p01b45_settlement_makerchecker.TestMakerChecker" name="test_concurrent_reject_single_winner" time="1.101" /><testcase classname="tests.test_p01b45_settlement_makerchecker.TestMakerChecker" name="test_expired_approval_409" time="0.324" /><testcase classname="tests.test_p01b45_settlement_makerchecker.TestMakerChecker" name="test_payload_tamper_detected" time="0.284" /><testcase classname="tests.test_p01b45_settlement_makerchecker.TestMakerChecker" name="test_approve_unknown_404" time="0.097" /><testcase classname="tests.test_p01b45_settlement_makerchecker.TestMakerChecker" name="test_manual_ledger_adjustment_goes_through_ledger" time="0.515" /><testcase classname="tests.test_p01b45_settlement_makerchecker.TestRecovery" name="test_scan_shape_and_journal" time="0.184" /><testcase classname="tests.test_p01b45_settlement_makerchecker.TestRecovery" name="test_recovery_requires_admin" time="0.185" /><testcase classname="tests.test_p01b45_settlement_makerchecker.TestRecovery" name="test_crash_window_stale_idempotency" time="0.503" /><testcase classname="tests.test_p01b45_settlement_makerchecker.TestRecovery" name="test_crash_window_expired_hold_lazy_expiry" time="0.816" /><testcase classname="tests.test_p01b45_settlement_makerchecker.TestRecovery" name="test_auto_heal_expires_hold_without_lazy_read" time="0.395" /><testcase classname="tests.test_p01b45_settlement_makerchecker.TestRecovery" name="test_crash_window_stuck_settlement" time="0.520" /><testcase classname="tests.test_p01b45_settlement_makerchecker.TestInvariantsAndHonesty" name="test_system_status_capabilities_honest" time="0.093" /><testcase classname="tests.test_p01b45_settlement_makerchecker.TestInvariantsAndHonesty" name="test_final_invariants" time="0.337" /><testcase classname="tests.test_p01b_idem_killswitch.TestMarketplaceIdempotency" name="test_same_key_debits_once" time="0.550" /><testcase classname="tests.test_p01b_idem_killswitch.TestMarketplaceIdempotency" name="test_same_key_different_body_conflict" time="0.486" /><testcase classname="tests.test_p01b_idem_killswitch.TestMarketplaceIdempotency" name="test_no_key_allows_two_debits" time="0.428" /><testcase classname="tests.test_p01b_idem_killswitch.TestCoffreMoveIdempotency" name="test_move_applied_once" time="1.094" /><testcase classname="tests.test_p01b_idem_killswitch.TestCoffreMoveIdempotency" name="test_move_conflict_on_different_amount" time="0.418" /><testcase classname="tests.test_p01b_idem_killswitch.TestKillSwitch" name="test_invalid_name_400" time="0.101" /><testcase classname="tests.test_p01b_idem_killswitch.TestKillSwitch" name="test_non_admin_forbidden" time="0.186" /><testcase classname="tests.test_p01b_idem_killswitch.TestKillSwitch" name="test_unauthenticated_rejected" time="0.099" /><testcase classname="tests.test_p01b_idem_killswitch.TestKillSwitch" name="test_suspend_then_resume" time="0.691" /><testcase classname="tests.test_p01b_idem_killswitch.TestKillSwitch" name="test_execute_suspended_then_resumed" time="1.212" /><testcase classname="tests.test_p01b_idem_killswitch.TestKillSwitch" name="test_card_killswitch_blocks_intent_creation" time="0.395" /><testcase classname="tests.test_p01b_idem_killswitch.TestKillSwitch" name="test_card_killswitch_should_also_block_execute" time="0.765" /><testcase classname="tests.test_p01b_idem_killswitch.TestKillSwitch" name="test_settings_exposes_kill_switch_state" time="0.304" /><testcase classname="tests.test_p01b_idem_killswitch.TestLedgerRegression" name="test_financial_health" time="0.109" /><testcase classname="tests.test_p01b_idem_killswitch.TestLedgerRegression" name="test_ledger_integrity" time="0.099" /><testcase classname="tests.test_p01b_idem_killswitch.TestLedgerRegression" name="test_backfill_still_works" time="0.226" /></testsuite></testsuites>