<?xml version="1.0" encoding="utf-8"?><testsuites name="pytest tests"><testsuite name="pytest" errors="0" failures="0" skipped="0" tests="23" time="95.015" timestamp="2026-08-31T18:22:39.992892+00:00" hostname="agent-env-a0d29c1c-dc45-44b8-8dbf-aa6094a4aa09"><testcase classname="tests.test_p01b2_holds.TestAvailableBalance" name="test_wallet_exposes_available" time="0.526" /><testcase classname="tests.test_p01b2_holds.TestConcurrencyDoubleSpend" name="test_10_concurrent_holds_of_20_on_balance_100" time="1.010" /><testcase classname="tests.test_p01b2_holds.TestAvailableBalance" name="test_create_hold_reserves_atomically" time="0.424" /><testcase classname="tests.test_p01b2_holds.TestAvailableBalance" name="test_hold_over_available_rejected" time="0.560" /><testcase classname="tests.test_p01b2_holds.TestConcurrencyDoubleSpend" name="test_2_concurrent_holds_of_80_exactly_one_wins" time="0.360" /><testcase classname="tests.test_p01b2_holds.TestConcurrencyDoubleSpend" name="test_concurrent_release_no_double_credit" time="0.697" /><testcase classname="tests.test_p01b2_holds.TestAvailableBalance" name="test_invalid_amount_rejected" time="0.214" /><testcase classname="tests.test_p01b2_holds.TestCaptureStateMachine" name="test_partial_then_full_capture" time="53.071" /><testcase classname="tests.test_p01b2_holds.TestConcurrencyDoubleSpend" name="test_concurrent_capture_never_exceeds_hold" time="30.889" /><testcase classname="tests.test_p01b2_holds.TestIntegrity" name="test_holds_integrity_healthy" time="20.202" /><testcase classname="tests.test_p01b2_holds.TestIntegrity" name="test_financial_health" time="35.929" /><testcase classname="tests.test_p01b2_holds.TestCaptureStateMachine" name="test_release_then_capture_and_double_release" time="12.516" /><testcase classname="tests.test_p01b2_holds.TestCaptureStateMachine" name="test_unknown_hold_404" time="0.331" /><testcase classname="tests.test_p01b2_holds.TestCaptureStateMachine" name="test_cross_user_hold_isolation" time="0.522" /><testcase classname="tests.test_p01b2_holds.TestIdempotency" name="test_same_key_concurrent_single_reservation" time="19.225" /><testcase classname="tests.test_p01b2_holds.TestIdempotency" name="test_same_key_different_payload_conflict" time="0.452" /><testcase classname="tests.test_p01b2_holds.TestIdempotency" name="test_failed_request_does_not_poison_key" time="0.306" /><testcase classname="tests.test_p01b2_holds.TestLazyExpiry" name="test_ttl_expiry_without_worker" time="3.378" /><testcase classname="tests.test_p01b2_holds.TestIntegrity" name="test_rebuild_repairs_drifted_cache" time="0.811" /><testcase classname="tests.test_p01b2_holds.TestIntegrity" name="test_admin_endpoints_require_admin" time="0.265" /><testcase classname="tests.test_p01b2_holds.TestLazyExpiry" name="test_expired_funds_immediately_reusable" time="2.442" /><testcase classname="tests.test_p01b2_holds.TestSystemStatus" name="test_requires_auth" time="0.166" /><testcase classname="tests.test_p01b2_holds.TestSystemStatus" name="test_capabilities_honest" time="0.149" /></testsuite></testsuites>