<?xml version="1.0" encoding="utf-8"?><testsuites name="pytest tests"><testsuite name="pytest" errors="0" failures="1" skipped="0" tests="8" time="88.546" timestamp="2026-08-31T18:26:03.252663+00:00" hostname="agent-env-a0d29c1c-dc45-44b8-8dbf-aa6094a4aa09"><testcase classname="tests.test_p01b2_holds_race.TestExpiryCaptureRace" name="test_capture_at_expiry_boundary[0]" time="4.107" /><testcase classname="tests.test_p01b2_holds_race.TestExpiryCaptureRace" name="test_capture_at_expiry_boundary[1]" time="3.385" /><testcase classname="tests.test_p01b2_holds_race.TestExpiryCaptureRace" name="test_capture_at_expiry_boundary[2]" time="3.439" /><testcase classname="tests.test_p01b2_holds_race.TestExpiryCaptureRace" name="test_capture_at_expiry_boundary[3]" time="3.331" /><testcase classname="tests.test_p01b2_holds_race.TestExpiryCaptureRace" name="test_capture_at_expiry_boundary[4]" time="3.293" /><testcase classname="tests.test_p01b2_holds_race.TestExpiryCaptureRace" name="test_capture_at_expiry_boundary[5]" time="3.348" /><testcase classname="tests.test_p01b2_holds_race.TestChaosLoad" name="test_mixed_concurrent_operations_preserve_invariants" time="64.463" /><testcase classname="tests.test_p01b2_holds_race.TestLazyExpiryIntegrityFalsePositive" name="test_untouched_expired_hold_flags_global_health" time="3.154"><failure message="Failed: FALSE POSITIVE: an expired-but-unreconciled hold makes the GLOBAL holds integrity report unhealthy (severity=CRITICAL). mismatch=[{'user_id': 'TEST_ta_lazyfp_64f460', 'cache': 40.0, 'effective': 0.0}] expired_still_active=[{'user_id': 'TEST_ta_lazyfp_64f460', 'expired_still_active': 1}]. Integrity/financial-health should reconcile expired holds (or treat lazy-expiry-pending as effective) before reporting.">E   Failed: FALSE POSITIVE: an expired-but-unreconciled hold makes the GLOBAL holds integrity report unhealthy (severity=CRITICAL). mismatch=[{'user_id': 'TEST_ta_lazyfp_64f460', 'cache': 40.0, 'effective': 0.0}] expired_still_active=[{'user_id': 'TEST_ta_lazyfp_64f460', 'expired_still_active': 1}]. Integrity/financial-health should reconcile expired holds (or treat lazy-expiry-pending as effective) before reporting.</failure></testcase></testsuite></testsuites>