<?xml version="1.0" encoding="utf-8"?><testsuites name="pytest tests"><testsuite name="pytest" errors="0" failures="1" skipped="0" tests="21" time="9.444" timestamp="2026-08-31T17:24:40.731148+00:00" hostname="agent-env-a0d29c1c-dc45-44b8-8dbf-aa6094a4aa09"><testcase classname="tests.backend_test.TestSanity" name="test_wallet_reachable" time="0.343" /><testcase classname="tests.backend_test.TestSanity" name="test_unauthenticated_rejected" time="0.134" /><testcase classname="tests.backend_test.TestSendIdempotency" name="test_replay_same_key_same_body_debits_once" time="0.650" /><testcase classname="tests.backend_test.TestSendIdempotency" name="test_same_key_different_body_conflict" time="1.278" /><testcase classname="tests.backend_test.TestSendIdempotency" name="test_key_scoped_per_user" time="0.293" /><testcase classname="tests.backend_test.TestSendIdempotency" name="test_failed_request_key_is_not_poisoned" time="0.327" /><testcase classname="tests.backend_test.TestSendIdempotency" name="test_failed_key_retry_with_corrected_amount_succeeds" time="0.599" /><testcase classname="tests.backend_test.TestWithdrawalIdempotency" name="test_replay_does_not_create_second_withdrawal" time="0.921" /><testcase classname="tests.backend_test.TestWithdrawalIdempotency" name="test_withdrawal_conflict_different_body" time="0.207" /><testcase classname="tests.backend_test.TestWithdrawalIdempotency" name="test_withdrawal_failed_key_retry_succeeds" time="0.532" /><testcase classname="tests.backend_test.TestSendWithoutKey" name="test_send_without_key_debits_and_caches_match" time="0.613" /><testcase classname="tests.backend_test.TestSendWithoutKey" name="test_coffre_move_routes_through_ledger" time="0.709" /><testcase classname="tests.backend_test.TestAdminIntegrity" name="test_backfill_then_no_cache_mismatches" time="0.474" /><testcase classname="tests.backend_test.TestAdminIntegrity" name="test_backfill_is_idempotent" time="0.115" /><testcase classname="tests.backend_test.TestAdminIntegrity" name="test_integrity_balanced" time="0.106" /><testcase classname="tests.backend_test.TestAdminIntegrity" name="test_financial_health" time="0.114" /><testcase classname="tests.backend_test.TestAdminIntegrity" name="test_supply_discrepancy_unchanged_by_ledger_ops" time="0.541" /><testcase classname="tests.backend_test.TestAdminIntegrity" name="test_non_admin_forbidden" time="0.273" /><testcase classname="tests.backend_test.TestAdminIntegrity" name="test_unauthenticated_admin_endpoints" time="0.302" /><testcase classname="tests.test_backfill_drift" name="test_backfill_creates_migration_entry_for_drifted_account" time="0.395" /><testcase classname="tests.test_backfill_drift" name="test_backfill_cannot_fix_a_second_drift_on_same_account" time="0.494"><failure message="AssertionError: backfill reported accounts_backfilled=1 but drift persists (static idempotency key blocks a 2nd migration entry): [{'user_id': 'TEST_ta_drift_a29a31', 'cached': 450.0, 'derived': 300.0}]&#10;assert [{'user_id': ...ived': 300.0}] == []&#10;  &#10;  Left contains one more item: {'user_id': 'TEST_ta_drift_a29a31', 'cached': 450.0, 'derived': 300.0}&#10;  Use -v to get more diff">E   AssertionError: backfill reported accounts_backfilled=1 but drift persists (static idempotency key blocks a 2nd migration entry): [{'user_id': 'TEST_ta_drift_a29a31', 'cached': 450.0, 'derived': 300.0}]
    assert [{'user_id': ...ived': 300.0}] == []
      
      Left contains one more item: {'user_id': 'TEST_ta_drift_a29a31', 'cached': 450.0, 'derived': 300.0}
      Use -v to get more diff</failure></testcase></testsuite></testsuites>