<?xml version="1.0" encoding="utf-8"?><testsuites name="pytest tests"><testsuite name="pytest" errors="0" failures="1" skipped="0" tests="69" time="74.408" timestamp="2026-08-31T18:29:25.731024+00:00" hostname="agent-env-a0d29c1c-dc45-44b8-8dbf-aa6094a4aa09"><testcase classname="tests.backend_test.TestSanity" name="test_wallet_reachable" time="0.179" /><testcase classname="tests.backend_test.TestSanity" name="test_unauthenticated_rejected" time="0.080" /><testcase classname="tests.backend_test.TestSendIdempotency" name="test_replay_same_key_same_body_debits_once" time="0.373" /><testcase classname="tests.backend_test.TestSendIdempotency" name="test_same_key_different_body_conflict" time="0.299" /><testcase classname="tests.backend_test.TestSendIdempotency" name="test_key_scoped_per_user" time="0.150" /><testcase classname="tests.backend_test.TestSendIdempotency" name="test_failed_request_key_is_not_poisoned" time="0.149" /><testcase classname="tests.backend_test.TestSendIdempotency" name="test_failed_key_retry_with_corrected_amount_succeeds" time="0.462" /><testcase classname="tests.backend_test.TestWithdrawalIdempotency" name="test_replay_does_not_create_second_withdrawal" time="0.461" /><testcase classname="tests.backend_test.TestWithdrawalIdempotency" name="test_withdrawal_conflict_different_body" time="0.149" /><testcase classname="tests.backend_test.TestWithdrawalIdempotency" name="test_withdrawal_failed_key_retry_succeeds" time="0.315" /><testcase classname="tests.backend_test.TestSendWithoutKey" name="test_send_without_key_debits_and_caches_match" time="0.388" /><testcase classname="tests.backend_test.TestSendWithoutKey" name="test_coffre_move_routes_through_ledger" time="0.305" /><testcase classname="tests.backend_test.TestAdminIntegrity" name="test_backfill_then_no_cache_mismatches" time="0.258" /><testcase classname="tests.backend_test.TestAdminIntegrity" name="test_backfill_is_idempotent" time="0.086" /><testcase classname="tests.backend_test.TestAdminIntegrity" name="test_integrity_balanced" time="0.079" /><testcase classname="tests.backend_test.TestAdminIntegrity" name="test_financial_health" time="0.086" /><testcase classname="tests.backend_test.TestAdminIntegrity" name="test_supply_discrepancy_unchanged_by_ledger_ops" time="0.416" /><testcase classname="tests.backend_test.TestAdminIntegrity" name="test_non_admin_forbidden" time="0.225" /><testcase classname="tests.backend_test.TestAdminIntegrity" name="test_unauthenticated_admin_endpoints" time="0.229" /><testcase classname="tests.test_backfill_drift" name="test_backfill_creates_migration_entry_for_drifted_account" time="0.336" /><testcase classname="tests.test_backfill_drift" name="test_backfill_cannot_fix_a_second_drift_on_same_account" time="0.427" /><testcase classname="tests.test_p01b2_holds.TestAvailableBalance" name="test_wallet_exposes_available" time="0.170" /><testcase classname="tests.test_p01b2_holds.TestAvailableBalance" name="test_create_hold_reserves_atomically" time="0.344" /><testcase classname="tests.test_p01b2_holds.TestAvailableBalance" name="test_hold_over_available_rejected" time="0.480" /><testcase classname="tests.test_p01b2_holds.TestAvailableBalance" name="test_invalid_amount_rejected" time="0.177" /><testcase classname="tests.test_p01b2_holds.TestConcurrencyDoubleSpend" name="test_10_concurrent_holds_of_20_on_balance_100" time="0.941" /><testcase classname="tests.test_p01b2_holds.TestConcurrencyDoubleSpend" name="test_2_concurrent_holds_of_80_exactly_one_wins" time="0.389" /><testcase classname="tests.test_p01b2_holds.TestConcurrencyDoubleSpend" name="test_concurrent_release_no_double_credit" time="0.790" /><testcase classname="tests.test_p01b2_holds.TestConcurrencyDoubleSpend" name="test_concurrent_capture_never_exceeds_hold" time="0.641" /><testcase classname="tests.test_p01b2_holds.TestIdempotency" name="test_same_key_concurrent_single_reservation" time="0.799" /><testcase classname="tests.test_p01b2_holds.TestIdempotency" name="test_same_key_different_payload_conflict" time="0.502" /><testcase classname="tests.test_p01b2_holds.TestIdempotency" name="test_failed_request_does_not_poison_key" time="0.320" /><testcase classname="tests.test_p01b2_holds.TestCaptureStateMachine" name="test_partial_then_full_capture" time="1.372" /><testcase classname="tests.test_p01b2_holds.TestCaptureStateMachine" name="test_release_then_capture_and_double_release" time="2.197" /><testcase classname="tests.test_p01b2_holds.TestCaptureStateMachine" name="test_unknown_hold_404" time="0.329" /><testcase classname="tests.test_p01b2_holds.TestCaptureStateMachine" name="test_cross_user_hold_isolation" time="0.524" /><testcase classname="tests.test_p01b2_holds.TestLazyExpiry" name="test_ttl_expiry_without_worker" time="3.284" /><testcase classname="tests.test_p01b2_holds.TestLazyExpiry" name="test_expired_funds_immediately_reusable" time="2.537" /><testcase classname="tests.test_p01b2_holds.TestIntegrity" name="test_holds_integrity_healthy" time="0.472" /><testcase classname="tests.test_p01b2_holds.TestIntegrity" name="test_financial_health" time="0.157" /><testcase classname="tests.test_p01b2_holds.TestIntegrity" name="test_rebuild_repairs_drifted_cache" time="0.807" /><testcase classname="tests.test_p01b2_holds.TestIntegrity" name="test_admin_endpoints_require_admin" time="0.333" /><testcase classname="tests.test_p01b2_holds.TestSystemStatus" name="test_requires_auth" time="0.149" /><testcase classname="tests.test_p01b2_holds.TestSystemStatus" name="test_capabilities_honest" time="0.176" /><testcase classname="tests.test_p01b2_holds_burst" name="test_capture_vs_expiry_burst" time="15.599" /><testcase classname="tests.test_p01b2_holds_race.TestExpiryCaptureRace" name="test_capture_at_expiry_boundary[0]" time="3.326" /><testcase classname="tests.test_p01b2_holds_race.TestExpiryCaptureRace" name="test_capture_at_expiry_boundary[1]" time="3.270" /><testcase classname="tests.test_p01b2_holds_race.TestExpiryCaptureRace" name="test_capture_at_expiry_boundary[2]" time="3.363" /><testcase classname="tests.test_p01b2_holds_race.TestExpiryCaptureRace" name="test_capture_at_expiry_boundary[3]" time="3.396" /><testcase classname="tests.test_p01b2_holds_race.TestExpiryCaptureRace" name="test_capture_at_expiry_boundary[4]" time="3.308" /><testcase classname="tests.test_p01b2_holds_race.TestExpiryCaptureRace" name="test_capture_at_expiry_boundary[5]" time="3.348" /><testcase classname="tests.test_p01b2_holds_race.TestChaosLoad" name="test_mixed_concurrent_operations_preserve_invariants" time="4.236" /><testcase classname="tests.test_p01b2_holds_race.TestLazyExpiryIntegrityFalsePositive" name="test_untouched_expired_hold_flags_global_health" time="2.940"><failure message="Failed: FALSE POSITIVE: an expired-but-unreconciled hold makes the GLOBAL holds integrity report unhealthy (severity=CRITICAL). mismatch=[{'user_id': 'TEST_ta_lazyfp_2dea74', 'cache': 40.0, 'effective': 0.0}] expired_still_active=[{'user_id': 'TEST_ta_lazyfp_2dea74', 'expired_still_active': 1}]. Integrity/financial-health should reconcile expired holds (or treat lazy-expiry-pending as effective) before reporting.">E   Failed: FALSE POSITIVE: an expired-but-unreconciled hold makes the GLOBAL holds integrity report unhealthy (severity=CRITICAL). mismatch=[{'user_id': 'TEST_ta_lazyfp_2dea74', 'cache': 40.0, 'effective': 0.0}] expired_still_active=[{'user_id': 'TEST_ta_lazyfp_2dea74', 'expired_still_active': 1}]. Integrity/financial-health should reconcile expired holds (or treat lazy-expiry-pending as effective) before reporting.</failure></testcase><testcase classname="tests.test_p01b_idem_killswitch.TestMarketplaceIdempotency" name="test_same_key_debits_once" time="0.467" /><testcase classname="tests.test_p01b_idem_killswitch.TestMarketplaceIdempotency" name="test_same_key_different_body_conflict" time="0.311" /><testcase classname="tests.test_p01b_idem_killswitch.TestMarketplaceIdempotency" name="test_no_key_allows_two_debits" time="0.302" /><testcase classname="tests.test_p01b_idem_killswitch.TestCoffreMoveIdempotency" name="test_move_applied_once" time="0.635" /><testcase classname="tests.test_p01b_idem_killswitch.TestCoffreMoveIdempotency" name="test_move_conflict_on_different_amount" time="0.395" /><testcase classname="tests.test_p01b_idem_killswitch.TestKillSwitch" name="test_invalid_name_400" time="0.071" /><testcase classname="tests.test_p01b_idem_killswitch.TestKillSwitch" name="test_non_admin_forbidden" time="0.196" /><testcase classname="tests.test_p01b_idem_killswitch.TestKillSwitch" name="test_unauthenticated_rejected" time="0.098" /><testcase classname="tests.test_p01b_idem_killswitch.TestKillSwitch" name="test_suspend_then_resume" time="0.609" /><testcase classname="tests.test_p01b_idem_killswitch.TestKillSwitch" name="test_execute_suspended_then_resumed" time="2.895" /><testcase classname="tests.test_p01b_idem_killswitch.TestKillSwitch" name="test_card_killswitch_blocks_intent_creation" time="0.313" /><testcase classname="tests.test_p01b_idem_killswitch.TestKillSwitch" name="test_card_killswitch_should_also_block_execute" time="0.535" /><testcase classname="tests.test_p01b_idem_killswitch.TestKillSwitch" name="test_settings_exposes_kill_switch_state" time="0.795" /><testcase classname="tests.test_p01b_idem_killswitch.TestLedgerRegression" name="test_financial_health" time="0.080" /><testcase classname="tests.test_p01b_idem_killswitch.TestLedgerRegression" name="test_ledger_integrity" time="0.357" /><testcase classname="tests.test_p01b_idem_killswitch.TestLedgerRegression" name="test_backfill_still_works" time="0.168" /></testsuite></testsuites>