<?xml version="1.0" encoding="utf-8"?><testsuites name="pytest tests"><testsuite name="pytest" errors="0" failures="1" skipped="0" tests="16" time="4.407" timestamp="2026-08-31T17:41:08.772129+00:00" hostname="agent-env-a0d29c1c-dc45-44b8-8dbf-aa6094a4aa09"><testcase classname="tests.test_p01b_idem_killswitch.TestMarketplaceIdempotency" name="test_same_key_debits_once" time="0.653" /><testcase classname="tests.test_p01b_idem_killswitch.TestKillSwitch" name="test_invalid_name_400" time="0.213" /><testcase classname="tests.test_p01b_idem_killswitch.TestKillSwitch" name="test_non_admin_forbidden" time="0.174" /><testcase classname="tests.test_p01b_idem_killswitch.TestKillSwitch" name="test_unauthenticated_rejected" time="0.083" /><testcase classname="tests.test_p01b_idem_killswitch.TestKillSwitch" name="test_suspend_then_resume" time="0.727" /><testcase classname="tests.test_p01b_idem_killswitch.TestMarketplaceIdempotency" name="test_same_key_different_body_conflict" time="1.057" /><testcase classname="tests.test_p01b_idem_killswitch.TestKillSwitch" name="test_execute_suspended_then_resumed" time="0.951" /><testcase classname="tests.test_p01b_idem_killswitch.TestMarketplaceIdempotency" name="test_no_key_allows_two_debits" time="0.469" /><testcase classname="tests.test_p01b_idem_killswitch.TestKillSwitch" name="test_card_killswitch_blocks_intent_creation" time="0.398" /><testcase classname="tests.test_p01b_idem_killswitch.TestLedgerRegression" name="test_financial_health" time="0.125" /><testcase classname="tests.test_p01b_idem_killswitch.TestLedgerRegression" name="test_ledger_integrity" time="0.131" /><testcase classname="tests.test_p01b_idem_killswitch.TestLedgerRegression" name="test_backfill_still_works" time="0.180" /><testcase classname="tests.test_p01b_idem_killswitch.TestKillSwitch" name="test_card_killswitch_should_also_block_execute" time="0.823"><failure message="AssertionError: card kill-switch NOT enforced on execute: status=200, balance 950.0 -&gt; 925.0&#10;assert 200 == 503&#10; +  where 200 = &lt;Response [200]&gt;.status_code">E   AssertionError: card kill-switch NOT enforced on execute: status=200, balance 950.0 -&gt; 925.0
    assert 200 == 503
     +  where 200 = &lt;Response [200]&gt;.status_code</failure></testcase><testcase classname="tests.test_p01b_idem_killswitch.TestCoffreMoveIdempotency" name="test_move_applied_once" time="0.834" /><testcase classname="tests.test_p01b_idem_killswitch.TestKillSwitch" name="test_settings_exposes_kill_switch_state" time="0.275" /><testcase classname="tests.test_p01b_idem_killswitch.TestCoffreMoveIdempotency" name="test_move_conflict_on_different_amount" time="0.434" /></testsuite></testsuites>